"../../../Engine/Content/EditorResources/S_Actor.uasset" 0
"../../../Engine/Content/EditorResources/S_Actor.uexp" 1
"../../../Engine/Content/EditorResources/S_BoxReflectionCapture.uasset" 2
"../../../Engine/Content/EditorResources/S_BoxReflectionCapture.uexp" 3
"../../../Engine/Content/EngineResources/DefaultTexture.uasset" 4
"../../../Engine/Content/EngineResources/DefaultTexture.uexp" 5
"../../../Engine/Content/EngineResources/DefaultTextureCube.uasset" 6
"../../../Engine/Content/EngineResources/DefaultTextureCube.uexp" 7
"../../../Engine/Content/EngineResources/DefaultVolumeTexture2D.uasset" 8
"../../../Engine/Content/EngineResources/DefaultVolumeTexture2D.uexp" 9
"../../../Engine/Content/EngineResources/DefaultVolumeTexture.uasset" 10
"../../../Engine/Content/EngineResources/DefaultVolumeTexture.uexp" 11
"../../../Engine/Content/EditorResources/S_Trigger.uasset" 12
"../../../Engine/Content/EditorResources/S_Trigger.uexp" 13
"../../../Engine/Content/EditorResources/S_TriggerBox.uasset" 14
"../../../Engine/Content/EditorResources/S_TriggerBox.uexp" 15
"../../../Engine/Content/EditorResources/S_TriggerCapsule.uasset" 16
"../../../Engine/Content/EditorResources/S_TriggerCapsule.uexp" 17
"../../../Engine/Content/EditorResources/S_TriggerSphere.uasset" 18
"../../../Engine/Content/EditorResources/S_TriggerSphere.uexp" 19
"../../../Engine/Content/EngineMeshes/Sphere.uasset" 20
"../../../Engine/Content/EngineMeshes/Sphere.uexp" 21
"../../../Engine/Content/EngineResources/GradientTexture0.uasset" 22
"../../../Engine/Content/EngineResources/GradientTexture0.uexp" 23
"../../../Engine/Content/EngineResources/Black.uasset" 24
"../../../Engine/Content/EngineResources/Black.uexp" 25
"../../../Engine/Content/VREditor/LaserPointer/VR_LaserPower_01.uasset" 26
"../../../Engine/Content/VREditor/LaserPointer/VR_LaserPower_01.uexp" 27
"../../../Engine/Content/VREditor/TransformGizmo/TransformGizmoMaterial.uasset" 28
"../../../Engine/Content/VREditor/TransformGizmo/TransformGizmoMaterial.uexp" 29
"../../../Engine/Content/VREditor/TransformGizmo/TranslucentTransformGizmoMaterial.uasset" 30
"../../../Engine/Content/VREditor/TransformGizmo/TranslucentTransformGizmoMaterial.uexp" 31
"../../../Engine/Content/VREditor/TransformGizmo/PlaneTranslationHandle.uasset" 32
"../../../Engine/Content/VREditor/TransformGizmo/PlaneTranslationHandle.uexp" 33
"../../../Engine/Content/VREditor/TransformGizmo/BoundingBoxCorner.uasset" 34
"../../../Engine/Content/VREditor/TransformGizmo/BoundingBoxCorner.uexp" 35
"../../../Engine/Content/VREditor/TransformGizmo/BoundingBoxEdge.uasset" 36
"../../../Engine/Content/VREditor/TransformGizmo/BoundingBoxEdge.uexp" 37
"../../../Engine/Content/VREditor/TransformGizmo/Main.uasset" 38
"../../../Engine/Content/VREditor/TransformGizmo/Main.uexp" 39
"../../../Engine/Content/VREditor/TransformGizmo/Xray.uasset" 40
"../../../Engine/Content/VREditor/TransformGizmo/Xray.uexp" 41
"../../../Engine/Content/VREditor/TransformGizmo/SM_Sequencer_Node.uasset" 42
"../../../Engine/Content/VREditor/TransformGizmo/SM_Sequencer_Node.uexp" 43
"../../../Engine/Content/EditorMaterials/Camera/CineMat.uasset" 44
"../../../Engine/Content/EditorMaterials/Camera/CineMat.uexp" 45
"../../../Engine/Content/EditorMaterials/Camera/MI_CineMat_Rig.uasset" 46
"../../../Engine/Content/EditorMaterials/Camera/MI_CineMat_Rig.uexp" 47
"../../../Engine/Content/EditorMeshes/Camera/SM_CraneRig_Base.uasset" 48
"../../../Engine/Content/EditorMeshes/Camera/SM_CraneRig_Base.uexp" 49
"../../../Engine/Content/EditorMeshes/Camera/SM_CraneRig_Arm.uasset" 50
"../../../Engine/Content/EditorMeshes/Camera/SM_CraneRig_Arm.uexp" 51
"../../../Engine/Content/EditorMeshes/Camera/SM_CraneRig_Mount.uasset" 52
"../../../Engine/Content/EditorMeshes/Camera/SM_CraneRig_Mount.uexp" 53
"../../../Engine/Content/EditorMeshes/Camera/SM_CraneRig_Body.uasset" 54
"../../../Engine/Content/EditorMeshes/Camera/SM_CraneRig_Body.uexp" 55
"../../../Engine/Content/EditorMeshes/Camera/SM_RailRig_Track.uasset" 56
"../../../Engine/Content/EditorMeshes/Camera/SM_RailRig_Track.uexp" 57
"../../../Engine/Content/EditorMeshes/Camera/SM_RailRig_Mount.uasset" 58
"../../../Engine/Content/EditorMeshes/Camera/SM_RailRig_Mount.uexp" 59
"../../../Engine/Content/EngineMaterials/T_Default_Material_Grid_M.uasset" 60
"../../../Engine/Content/EngineMaterials/T_Default_Material_Grid_M.uexp" 61
"../../../Engine/Content/EngineMaterials/T_Default_Material_Grid_N.uasset" 62
"../../../Engine/Content/EngineMaterials/T_Default_Material_Grid_N.uexp" 63
"../../../Engine/Content/Functions/Engine_MaterialFunctions01/Opacity/CameraDepthFade.uasset" 64
"../../../Engine/Content/Functions/Engine_MaterialFunctions01/Opacity/CameraDepthFade.uexp" 65
"../../../Engine/Content/EngineMaterials/WorldGridMaterial.uasset" 66
"../../../Engine/Content/EngineMaterials/WorldGridMaterial.uexp" 67
"../../../Engine/Content/ArtTools/RenderToTexture/Meshes/S_1_Unit_Plane.uasset" 68
"../../../Engine/Content/ArtTools/RenderToTexture/Meshes/S_1_Unit_Plane.uexp" 69
"../../../Engine/Content/EditorMaterials/ParticleSystems/PSysThumbnail_NoImage.uasset" 70
"../../../Engine/Content/EditorMaterials/ParticleSystems/PSysThumbnail_NoImage.uexp" 71
"../../../Engine/Content/EditorMaterials/ParticleSystems/PSysThumbnail_OOD.uasset" 72
"../../../Engine/Content/EditorMaterials/ParticleSystems/PSysThumbnail_OOD.uexp" 73
"../../../Engine/Content/EditorLandscapeResources/SplineEditorMeshMat.uasset" 74
"../../../Engine/Content/EditorLandscapeResources/SplineEditorMeshMat.uexp" 75
"../../../Engine/Content/EditorLandscapeResources/SplineEditorMesh.uasset" 76
"../../../Engine/Content/EditorLandscapeResources/SplineEditorMesh.uexp" 77
"../../../Engine/Content/EditorResources/S_Solver.uasset" 78
"../../../Engine/Content/EditorResources/S_Solver.uexp" 79
"C:/Users/strza/Desktop/shades data/project files/game/Content/grafika/spaceship/spac3/Osn2_AO.uasset" 80
"C:/Users/strza/Desktop/shades data/project files/game/Content/grafika/spaceship/spac3/Osn2_AO.uexp" 81
"C:/Users/strza/Desktop/shades data/project files/game/Content/grafika/spaceship/spac3/Osn2_metallic.uasset" 82
"C:/Users/strza/Desktop/shades data/project files/game/Content/grafika/spaceship/spac3/Osn2_metallic.uexp" 83
"C:/Users/strza/Desktop/shades data/project files/game/Content/grafika/spaceship/spac3/Osn2_normal.uasset" 84
"C:/Users/strza/Desktop/shades data/project files/game/Content/grafika/spaceship/spac3/Osn2_normal.uexp" 85
"C:/Users/strza/Desktop/shades data/project files/game/Content/grafika/spaceship/spac3/Osn2_albedo.uasset" 86
"C:/Users/strza/Desktop/shades data/project files/game/Content/grafika/spaceship/spac3/Osn2_albedo.uexp" 87
"C:/Users/strza/Desktop/shades data/project files/game/Content/grafika/spaceship/spac3/Osn2_emissive.uasset" 88
"C:/Users/strza/Desktop/shades data/project files/game/Content/grafika/spaceship/spac3/Osn2_emissive.uexp" 89
"C:/Users/strza/Desktop/shades data/project files/game/Content/grafika/spaceship/spac3/Osn2_roughness.uasset" 90
"C:/Users/strza/Desktop/shades data/project files/game/Content/grafika/spaceship/spac3/Osn2_roughness.uexp" 91
"C:/Users/strza/Desktop/shades data/project files/game/Content/grafika/spaceship/spac3/Osn2.uasset" 92
"C:/Users/strza/Desktop/shades data/project files/game/Content/grafika/spaceship/spac3/Osn2.uexp" 93
"C:/Users/strza/Desktop/shades data/project files/game/Content/grafika/spaceship/spac3/sp2-1_Object134.uasset" 94
"C:/Users/strza/Desktop/shades data/project files/game/Content/grafika/spaceship/spac3/sp2-1_Object134.uexp" 95
"C:/Users/strza/Desktop/shades data/project files/game/Content/grafika/spaceship/spac3/Osn_albedo.uasset" 96
"C:/Users/strza/Desktop/shades data/project files/game/Content/grafika/spaceship/spac3/Osn_albedo.uexp" 97
"C:/Users/strza/Desktop/shades data/project files/game/Content/grafika/spaceship/spac3/Osn_normal.uasset" 98
"C:/Users/strza/Desktop/shades data/project files/game/Content/grafika/spaceship/spac3/Osn_normal.uexp" 99
"C:/Users/strza/Desktop/shades data/project files/game/Content/grafika/spaceship/spac3/Osn_metallic.uasset" 100
"C:/Users/strza/Desktop/shades data/project files/game/Content/grafika/spaceship/spac3/Osn_metallic.uexp" 101
"C:/Users/strza/Desktop/shades data/project files/game/Content/grafika/spaceship/spac3/Osn_roughness.uasset" 102
"C:/Users/strza/Desktop/shades data/project files/game/Content/grafika/spaceship/spac3/Osn_roughness.uexp" 103
"C:/Users/strza/Desktop/shades data/project files/game/Content/grafika/spaceship/spac3/Osn_emissive.uasset" 104
"C:/Users/strza/Desktop/shades data/project files/game/Content/grafika/spaceship/spac3/Osn_emissive.uexp" 105
"C:/Users/strza/Desktop/shades data/project files/game/Content/grafika/spaceship/spac3/Osn_AO.uasset" 106
"C:/Users/strza/Desktop/shades data/project files/game/Content/grafika/spaceship/spac3/Osn_AO.uexp" 107
"C:/Users/strza/Desktop/shades data/project files/game/Content/grafika/spaceship/spac3/Osn.uasset" 108
"C:/Users/strza/Desktop/shades data/project files/game/Content/grafika/spaceship/spac3/Osn.uexp" 109
"C:/Users/strza/Desktop/shades data/project files/game/Content/grafika/spaceship/spac3/sp2-1_Object134_001.uasset" 110
"C:/Users/strza/Desktop/shades data/project files/game/Content/grafika/spaceship/spac3/sp2-1_Object134_001.uexp" 111
"C:/Users/strza/Desktop/shades data/project files/game/Content/grafika/spaceship/spac3/detal_AO.uasset" 112
"C:/Users/strza/Desktop/shades data/project files/game/Content/grafika/spaceship/spac3/detal_AO.uexp" 113
"C:/Users/strza/Desktop/shades data/project files/game/Content/grafika/spaceship/spac3/detal_metallic.uasset" 114
"C:/Users/strza/Desktop/shades data/project files/game/Content/grafika/spaceship/spac3/detal_metallic.uexp" 115
"C:/Users/strza/Desktop/shades data/project files/game/Content/grafika/spaceship/spac3/detal_normal.uasset" 116
"C:/Users/strza/Desktop/shades data/project files/game/Content/grafika/spaceship/spac3/detal_normal.uexp" 117
"C:/Users/strza/Desktop/shades data/project files/game/Content/grafika/spaceship/spac3/detal_emissive.uasset" 118
"C:/Users/strza/Desktop/shades data/project files/game/Content/grafika/spaceship/spac3/detal_emissive.uexp" 119
"C:/Users/strza/Desktop/shades data/project files/game/Content/grafika/spaceship/spac3/detal_albedo.uasset" 120
"C:/Users/strza/Desktop/shades data/project files/game/Content/grafika/spaceship/spac3/detal_albedo.uexp" 121
"C:/Users/strza/Desktop/shades data/project files/game/Content/grafika/spaceship/spac3/detal_roughness.uasset" 122
"C:/Users/strza/Desktop/shades data/project files/game/Content/grafika/spaceship/spac3/detal_roughness.uexp" 123
"C:/Users/strza/Desktop/shades data/project files/game/Content/grafika/spaceship/spac3/detal.uasset" 124
"C:/Users/strza/Desktop/shades data/project files/game/Content/grafika/spaceship/spac3/detal.uexp" 125
"C:/Users/strza/Desktop/shades data/project files/game/Content/grafika/spaceship/spac3/sp2-1_Object134_002.uasset" 126
"C:/Users/strza/Desktop/shades data/project files/game/Content/grafika/spaceship/spac3/sp2-1_Object134_002.uexp" 127
"../../../Engine/Plugins/Media/MediaPlate/Content/SM_MediaPlateScreen.uasset" 128
"../../../Engine/Plugins/Media/MediaPlate/Content/SM_MediaPlateScreen.uexp" 129
"../../../Engine/Content/EngineMaterials/Good64x64TilingNoiseHighFreq.uasset" 130
"../../../Engine/Content/EngineMaterials/Good64x64TilingNoiseHighFreq.uexp" 131
"../../../Engine/Content/EngineMaterials/DefaultBokeh.uasset" 132
"../../../Engine/Content/EngineMaterials/DefaultBokeh.uexp" 133
"../../../Engine/Content/EngineMaterials/PreintegratedSkinBRDF.uasset" 134
"../../../Engine/Content/EngineMaterials/PreintegratedSkinBRDF.uexp" 135
"../../../Engine/Content/EngineMaterials/MiniFont.uasset" 136
"../../../Engine/Content/EngineMaterials/MiniFont.uexp" 137
"../../../Engine/Content/EngineMaterials/WeightMapPlaceholderTexture.uasset" 138
"../../../Engine/Content/EngineMaterials/WeightMapPlaceholderTexture.uexp" 139
"../../../Engine/Content/EngineMaterials/DefaultWhiteGrid.uasset" 140
"../../../Engine/Content/EngineMaterials/DefaultWhiteGrid.uexp" 141
"../../../Engine/Plugins/2D/Paper2D/Content/PlaceholderTextures/DummySpriteTexture.uasset" 142
"../../../Engine/Plugins/2D/Paper2D/Content/PlaceholderTextures/DummySpriteTexture.uexp" 143
"../../../Engine/Plugins/2D/Paper2D/Content/DefaultSpriteMaterial.uasset" 144
"../../../Engine/Plugins/2D/Paper2D/Content/DefaultSpriteMaterial.uexp" 145
"../../../Engine/Plugins/2D/Paper2D/Content/OpaqueUnlitSpriteMaterial.uasset" 146
"../../../Engine/Plugins/2D/Paper2D/Content/OpaqueUnlitSpriteMaterial.uexp" 147
"../../../Engine/Plugins/2D/Paper2D/Content/MaskedUnlitSpriteMaterial.uasset" 148
"../../../Engine/Plugins/2D/Paper2D/Content/MaskedUnlitSpriteMaterial.uexp" 149
"../../../Engine/Plugins/2D/Paper2D/Content/DummySprite.uasset" 150
"../../../Engine/Plugins/2D/Paper2D/Content/DummySprite.uexp" 151
"../../../Engine/Plugins/2D/Paper2D/Content/DefaultPaperTerrainMaterial.uasset" 152
"../../../Engine/Plugins/2D/Paper2D/Content/DefaultPaperTerrainMaterial.uexp" 153
"../../../Engine/Content/Functions/Engine_MaterialFunctions02/WorldPositionOffset/CameraOffset.uasset" 154
"../../../Engine/Content/Functions/Engine_MaterialFunctions02/WorldPositionOffset/CameraOffset.uexp" 155
"../../../Engine/Plugins/Animation/ControlRig/Content/M_Manip.uasset" 156
"../../../Engine/Plugins/Animation/ControlRig/Content/M_Manip.uexp" 157
"../../../Engine/Content/Animation/DefaultRecorderBoneCompression.uasset" 158
"../../../Engine/Content/Animation/DefaultRecorderBoneCompression.uexp" 159
"../../../Engine/Content/Animation/DefaultAnimCurveCompressionSettings.uasset" 160
"../../../Engine/Content/Animation/DefaultAnimCurveCompressionSettings.uexp" 161
"../../../Engine/Content/Animation/DefaultAnimBoneCompressionSettings.uasset" 162
"../../../Engine/Content/Animation/DefaultAnimBoneCompressionSettings.uexp" 163
"../../../Engine/Content/EditorLandscapeResources/DefaultAlphaTexture.uasset" 164
"../../../Engine/Content/EditorLandscapeResources/DefaultAlphaTexture.uexp" 165
"../../../Engine/Content/EditorLandscapeResources/DataLayer.uasset" 166
"../../../Engine/Content/EditorLandscapeResources/DataLayer.uexp" 167
"../../../Engine/Content/EngineSounds/Master.uasset" 168
"../../../Engine/Content/EngineSounds/Master.uexp" 169
"../../../Engine/Plugins/Runtime/MeshModelingToolset/Content/Materials/M_DynamicMeshComponentVtxColor.uasset" 170
"../../../Engine/Plugins/Runtime/MeshModelingToolset/Content/Materials/M_DynamicMeshComponentVtxColor.uexp" 171
"../../../Engine/Plugins/Interchange/Runtime/Content/Pipelines/DefaultTexturePipeline.uasset" 172
"../../../Engine/Plugins/Interchange/Runtime/Content/Pipelines/DefaultTexturePipeline.uexp" 173
"../../../Engine/Plugins/Interchange/Runtime/Content/Pipelines/DefaultSceneLevelPipeline.uasset" 174
"../../../Engine/Plugins/Interchange/Runtime/Content/Pipelines/DefaultSceneLevelPipeline.uexp" 175
"../../../Engine/Plugins/Interchange/Runtime/Content/Pipelines/DefaultSceneAssetsPipeline.uasset" 176
"../../../Engine/Plugins/Interchange/Runtime/Content/Pipelines/DefaultSceneAssetsPipeline.uexp" 177
"../../../Engine/Plugins/Interchange/Runtime/Content/Pipelines/DefaultMaterialPipeline.uasset" 178
"../../../Engine/Plugins/Interchange/Runtime/Content/Pipelines/DefaultMaterialPipeline.uexp" 179
"../../../Engine/Plugins/Interchange/Runtime/Content/Pipelines/DefaultAssetsPipeline.uasset" 180
"../../../Engine/Plugins/Interchange/Runtime/Content/Pipelines/DefaultAssetsPipeline.uexp" 181
"../../../Engine/Plugins/Editor/SpeedTreeImporter/Content/SpeedTree9/game_wind_noise.uasset" 182
"../../../Engine/Plugins/Editor/SpeedTreeImporter/Content/SpeedTree9/game_wind_noise.uexp" 183
"../../../Engine/Plugins/Editor/SpeedTreeImporter/Content/SpeedTree9/UnpackDirection.uasset" 184
"../../../Engine/Plugins/Editor/SpeedTreeImporter/Content/SpeedTree9/UnpackDirection.uexp" 185
"../../../Engine/Content/Functions/Engine_MaterialFunctions02/ObjectLocalBounds.uasset" 186
"../../../Engine/Content/Functions/Engine_MaterialFunctions02/ObjectLocalBounds.uexp" 187
"../../../Engine/Content/Functions/Engine_MaterialFunctions02/Utility/BreakOutFloat3Components.uasset" 188
"../../../Engine/Content/Functions/Engine_MaterialFunctions02/Utility/BreakOutFloat3Components.uexp" 189
"../../../Engine/Content/Functions/Engine_MaterialFunctions02/UVs/BoundingBoxBased_0-1_UVW.uasset" 190
"../../../Engine/Content/Functions/Engine_MaterialFunctions02/UVs/BoundingBoxBased_0-1_UVW.uexp" 191
"../../../Engine/Content/Functions/Engine_MaterialFunctions02/Utility/VectorLength.uasset" 192
"../../../Engine/Content/Functions/Engine_MaterialFunctions02/Utility/VectorLength.uexp" 193
"../../../Engine/Plugins/Editor/SpeedTreeImporter/Content/SpeedTree9/UnpackInteger3.uasset" 194
"../../../Engine/Plugins/Editor/SpeedTreeImporter/Content/SpeedTree9/UnpackInteger3.uexp" 195
"../../../Engine/Plugins/Editor/SpeedTreeImporter/Content/SpeedTree9/SpeedTreeCameraFacing.uasset" 196
"../../../Engine/Plugins/Editor/SpeedTreeImporter/Content/SpeedTree9/SpeedTreeCameraFacing.uexp" 197
"../../../Engine/Content/Functions/Engine_MaterialFunctions02/WorldPositionOffset/ObjectScale.uasset" 198
"../../../Engine/Content/Functions/Engine_MaterialFunctions02/WorldPositionOffset/ObjectScale.uexp" 199
"../../../Engine/Content/Functions/Engine_MaterialFunctions02/SafeNormalize.uasset" 200
"../../../Engine/Content/Functions/Engine_MaterialFunctions02/SafeNormalize.uexp" 201
"../../../Engine/Plugins/Editor/SpeedTreeImporter/Content/SpeedTree9/SpeedTreeWindMotion.uasset" 202
"../../../Engine/Plugins/Editor/SpeedTreeImporter/Content/SpeedTree9/SpeedTreeWindMotion.uexp" 203
"../../../Engine/Plugins/Editor/SpeedTreeImporter/Content/SpeedTree9/SpeedTreeBranchMotion.uasset" 204
"../../../Engine/Plugins/Editor/SpeedTreeImporter/Content/SpeedTree9/SpeedTreeBranchMotion.uexp" 205
"../../../Engine/Plugins/Editor/SpeedTreeImporter/Content/SpeedTree9/SpeedTreeWind.uasset" 206
"../../../Engine/Plugins/Editor/SpeedTreeImporter/Content/SpeedTree9/SpeedTreeWind.uexp" 207
"../../../Engine/Plugins/Editor/SpeedTreeImporter/Content/SpeedTree9/EmptyNormal.uasset" 208
"../../../Engine/Plugins/Editor/SpeedTreeImporter/Content/SpeedTree9/EmptyNormal.uexp" 209
"../../../Engine/Plugins/Editor/SpeedTreeImporter/Content/SpeedTree9/Empty.uasset" 210
"../../../Engine/Plugins/Editor/SpeedTreeImporter/Content/SpeedTree9/Empty.uexp" 211
"../../../Engine/Plugins/Editor/SpeedTreeImporter/Content/SpeedTree9/SpeedTreeMaster.uasset" 212
"../../../Engine/Plugins/Editor/SpeedTreeImporter/Content/SpeedTree9/SpeedTreeMaster.uexp" 213
"../../../Engine/Plugins/Editor/SpeedTreeImporter/Content/SpeedTree9/SpeedTreeBillboard.uasset" 214
"../../../Engine/Plugins/Editor/SpeedTreeImporter/Content/SpeedTree9/SpeedTreeBillboard.uexp" 215
"../../../Engine/Plugins/Editor/SpeedTreeImporter/Content/SpeedTree9/SpeedTreeBillboardMaster.uasset" 216
"../../../Engine/Plugins/Editor/SpeedTreeImporter/Content/SpeedTree9/SpeedTreeBillboardMaster.uexp" 217
"../../../Engine/Plugins/Animation/ControlRig/Content/Controls/DefaultGizmoLibraryNormalized.uasset" 218
"../../../Engine/Plugins/Animation/ControlRig/Content/Controls/DefaultGizmoLibraryNormalized.uexp" 219
"../../../Engine/Plugins/Animation/ControlRig/Content/Controls/ControlRig_Wedge_solid.uasset" 220
"../../../Engine/Plugins/Animation/ControlRig/Content/Controls/ControlRig_Wedge_solid.uexp" 221
"../../../Engine/Plugins/Animation/ControlRig/Content/Controls/ControlRig_Wedge_3mm.uasset" 222
"../../../Engine/Plugins/Animation/ControlRig/Content/Controls/ControlRig_Wedge_3mm.uexp" 223
"../../../Engine/Plugins/Animation/ControlRig/Content/Controls/ControlRig_Wedge_1mm.uasset" 224
"../../../Engine/Plugins/Animation/ControlRig/Content/Controls/ControlRig_Wedge_1mm.uexp" 225
"../../../Engine/Plugins/Animation/ControlRig/Content/Controls/ControlRig_Triangle_solid.uasset" 226
"../../../Engine/Plugins/Animation/ControlRig/Content/Controls/ControlRig_Triangle_solid.uexp" 227
"../../../Engine/Plugins/Animation/ControlRig/Content/Controls/ControlRig_Triangle_3mm.uasset" 228
"../../../Engine/Plugins/Animation/ControlRig/Content/Controls/ControlRig_Triangle_3mm.uexp" 229
"../../../Engine/Plugins/Animation/ControlRig/Content/Controls/ControlRig_Triangle_1mm.uasset" 230
"../../../Engine/Plugins/Animation/ControlRig/Content/Controls/ControlRig_Triangle_1mm.uexp" 231
"../../../Engine/Plugins/Animation/ControlRig/Content/Controls/ControlRig_Star4_solid.uasset" 232
"../../../Engine/Plugins/Animation/ControlRig/Content/Controls/ControlRig_Star4_solid.uexp" 233
"../../../Engine/Plugins/Animation/ControlRig/Content/Controls/ControlRig_Star4_3mm.uasset" 234
"../../../Engine/Plugins/Animation/ControlRig/Content/Controls/ControlRig_Star4_3mm.uexp" 235
"../../../Engine/Plugins/Animation/ControlRig/Content/Controls/ControlRig_Star4_1mm.uasset" 236
"../../../Engine/Plugins/Animation/ControlRig/Content/Controls/ControlRig_Star4_1mm.uexp" 237
"../../../Engine/Plugins/Animation/ControlRig/Content/Controls/ControlRig_Square_solid.uasset" 238
"../../../Engine/Plugins/Animation/ControlRig/Content/Controls/ControlRig_Square_solid.uexp" 239
"../../../Engine/Plugins/Animation/ControlRig/Content/Controls/ControlRig_Square_3mm.uasset" 240
"../../../Engine/Plugins/Animation/ControlRig/Content/Controls/ControlRig_Square_3mm.uexp" 241
"../../../Engine/Plugins/Animation/ControlRig/Content/Controls/ControlRig_Square_1mm.uasset" 242
"../../../Engine/Plugins/Animation/ControlRig/Content/Controls/ControlRig_Square_1mm.uexp" 243
"../../../Engine/Plugins/Animation/ControlRig/Content/Controls/ControlRig_Sphere_solid.uasset" 244
"../../../Engine/Plugins/Animation/ControlRig/Content/Controls/ControlRig_Sphere_solid.uexp" 245
"../../../Engine/Plugins/Animation/ControlRig/Content/Controls/ControlRig_Sphere_3mm.uasset" 246
"../../../Engine/Plugins/Animation/ControlRig/Content/Controls/ControlRig_Sphere_3mm.uexp" 247
"../../../Engine/Plugins/Animation/ControlRig/Content/Controls/ControlRig_Sphere_1mm.uasset" 248
"../../../Engine/Plugins/Animation/ControlRig/Content/Controls/ControlRig_Sphere_1mm.uexp" 249
"../../../Engine/Plugins/Animation/ControlRig/Content/Controls/ControlRig_RoundedTriangle_solid.uasset" 250
"../../../Engine/Plugins/Animation/ControlRig/Content/Controls/ControlRig_RoundedTriangle_solid.uexp" 251
"../../../Engine/Plugins/Animation/ControlRig/Content/Controls/ControlRig_RoundedTriangle_3mm.uasset" 252
"../../../Engine/Plugins/Animation/ControlRig/Content/Controls/ControlRig_RoundedTriangle_3mm.uexp" 253
"../../../Engine/Plugins/Animation/ControlRig/Content/Controls/ControlRig_RoundedTriangle_1mm.uasset" 254
"../../../Engine/Plugins/Animation/ControlRig/Content/Controls/ControlRig_RoundedTriangle_1mm.uexp" 255
"../../../Engine/Plugins/Animation/ControlRig/Content/Controls/ControlRig_RoundedSquare_solid.uasset" 256
"../../../Engine/Plugins/Animation/ControlRig/Content/Controls/ControlRig_RoundedSquare_solid.uexp" 257
"../../../Engine/Plugins/Animation/ControlRig/Content/Controls/ControlRig_RoundedSquare_3mm.uasset" 258
"../../../Engine/Plugins/Animation/ControlRig/Content/Controls/ControlRig_RoundedSquare_3mm.uexp" 259
"../../../Engine/Plugins/Animation/ControlRig/Content/Controls/ControlRig_RoundedSquare_1mm.uasset" 260
"../../../Engine/Plugins/Animation/ControlRig/Content/Controls/ControlRig_RoundedSquare_1mm.uexp" 261
"../../../Engine/Plugins/Animation/ControlRig/Content/Controls/ControlRig_QuarterCircle_solid.uasset" 262
"../../../Engine/Plugins/Animation/ControlRig/Content/Controls/ControlRig_QuarterCircle_solid.uexp" 263
"../../../Engine/Plugins/Animation/ControlRig/Content/Controls/ControlRig_QuarterCircle_3mm.uasset" 264
"../../../Engine/Plugins/Animation/ControlRig/Content/Controls/ControlRig_QuarterCircle_3mm.uexp" 265
"../../../Engine/Plugins/Animation/ControlRig/Content/Controls/ControlRig_QuarterCircle_1mm.uasset" 266
"../../../Engine/Plugins/Animation/ControlRig/Content/Controls/ControlRig_QuarterCircle_1mm.uexp" 267
"../../../Engine/Plugins/Animation/ControlRig/Content/Controls/ControlRig_Pyramid_solid.uasset" 268
"../../../Engine/Plugins/Animation/ControlRig/Content/Controls/ControlRig_Pyramid_solid.uexp" 269
"../../../Engine/Plugins/Animation/ControlRig/Content/Controls/ControlRig_Pyramid_3mm.uasset" 270
"../../../Engine/Plugins/Animation/ControlRig/Content/Controls/ControlRig_Pyramid_3mm.uexp" 271
"../../../Engine/Plugins/Animation/ControlRig/Content/Controls/ControlRig_Pyramid_1mm.uasset" 272
"../../../Engine/Plugins/Animation/ControlRig/Content/Controls/ControlRig_Pyramid_1mm.uexp" 273
"../../../Engine/Plugins/Animation/ControlRig/Content/Controls/ControlRig_Octagon_solid.uasset" 274
"../../../Engine/Plugins/Animation/ControlRig/Content/Controls/ControlRig_Octagon_solid.uexp" 275
"../../../Engine/Plugins/Animation/ControlRig/Content/Controls/ControlRig_Octagon_3mm.uasset" 276
"../../../Engine/Plugins/Animation/ControlRig/Content/Controls/ControlRig_Octagon_3mm.uexp" 277
"../../../Engine/Plugins/Animation/ControlRig/Content/Controls/ControlRig_Octagon_1mm.uasset" 278
"../../../Engine/Plugins/Animation/ControlRig/Content/Controls/ControlRig_Octagon_1mm.uexp" 279
"../../../Engine/Plugins/Animation/ControlRig/Content/Controls/ControlRig_Hexagon_solid.uasset" 280
"../../../Engine/Plugins/Animation/ControlRig/Content/Controls/ControlRig_Hexagon_solid.uexp" 281
"../../../Engine/Plugins/Animation/ControlRig/Content/Controls/ControlRig_Hexagon_3mm.uasset" 282
"../../../Engine/Plugins/Animation/ControlRig/Content/Controls/ControlRig_Hexagon_3mm.uexp" 283
"../../../Engine/Plugins/Animation/ControlRig/Content/Controls/ControlRig_Hexagon_1mm.uasset" 284
"../../../Engine/Plugins/Animation/ControlRig/Content/Controls/ControlRig_Hexagon_1mm.uexp" 285
"../../../Engine/Plugins/Animation/ControlRig/Content/Controls/ControlRig_HalfCircle_solid.uasset" 286
"../../../Engine/Plugins/Animation/ControlRig/Content/Controls/ControlRig_HalfCircle_solid.uexp" 287
"../../../Engine/Plugins/Animation/ControlRig/Content/Controls/ControlRig_HalfCircle_3mm.uasset" 288
"../../../Engine/Plugins/Animation/ControlRig/Content/Controls/ControlRig_HalfCircle_3mm.uexp" 289
"../../../Engine/Plugins/Animation/ControlRig/Content/Controls/ControlRig_HalfCircle_1mm.uasset" 290
"../../../Engine/Plugins/Animation/ControlRig/Content/Controls/ControlRig_HalfCircle_1mm.uexp" 291
"../../../Engine/Plugins/Animation/ControlRig/Content/Controls/ControlRig_Diamond_solid.uasset" 292
"../../../Engine/Plugins/Animation/ControlRig/Content/Controls/ControlRig_Diamond_solid.uexp" 293
"../../../Engine/Plugins/Animation/ControlRig/Content/Controls/ControlRig_Diamond_3mm.uasset" 294
"../../../Engine/Plugins/Animation/ControlRig/Content/Controls/ControlRig_Diamond_3mm.uexp" 295
"../../../Engine/Plugins/Animation/ControlRig/Content/Controls/ControlRig_Diamond_1mm.uasset" 296
"../../../Engine/Plugins/Animation/ControlRig/Content/Controls/ControlRig_Diamond_1mm.uexp" 297
"../../../Engine/Plugins/Animation/ControlRig/Content/Controls/ControlRig_Circle_solid.uasset" 298
"../../../Engine/Plugins/Animation/ControlRig/Content/Controls/ControlRig_Circle_solid.uexp" 299
"../../../Engine/Plugins/Animation/ControlRig/Content/Controls/ControlRig_Circle_3mm.uasset" 300
"../../../Engine/Plugins/Animation/ControlRig/Content/Controls/ControlRig_Circle_3mm.uexp" 301
"../../../Engine/Plugins/Animation/ControlRig/Content/Controls/ControlRig_Circle_1mm.uasset" 302
"../../../Engine/Plugins/Animation/ControlRig/Content/Controls/ControlRig_Circle_1mm.uexp" 303
"../../../Engine/Plugins/Animation/ControlRig/Content/Controls/ControlRig_Box_solid.uasset" 304
"../../../Engine/Plugins/Animation/ControlRig/Content/Controls/ControlRig_Box_solid.uexp" 305
"../../../Engine/Plugins/Animation/ControlRig/Content/Controls/ControlRig_Box_3mm.uasset" 306
"../../../Engine/Plugins/Animation/ControlRig/Content/Controls/ControlRig_Box_3mm.uexp" 307
"../../../Engine/Plugins/Animation/ControlRig/Content/Controls/ControlRig_Box_1mm.uasset" 308
"../../../Engine/Plugins/Animation/ControlRig/Content/Controls/ControlRig_Box_1mm.uexp" 309
"../../../Engine/Plugins/Animation/ControlRig/Content/Controls/ControlRig_Arrow_solid.uasset" 310
"../../../Engine/Plugins/Animation/ControlRig/Content/Controls/ControlRig_Arrow_solid.uexp" 311
"../../../Engine/Plugins/Animation/ControlRig/Content/Controls/ControlRig_Arrow_3mm.uasset" 312
"../../../Engine/Plugins/Animation/ControlRig/Content/Controls/ControlRig_Arrow_3mm.uexp" 313
"../../../Engine/Plugins/Animation/ControlRig/Content/Controls/ControlRig_Arrow_1mm.uasset" 314
"../../../Engine/Plugins/Animation/ControlRig/Content/Controls/ControlRig_Arrow_1mm.uexp" 315
"../../../Engine/Plugins/Animation/ControlRig/Content/Controls/ControlRig_Arrow4_solid.uasset" 316
"../../../Engine/Plugins/Animation/ControlRig/Content/Controls/ControlRig_Arrow4_solid.uexp" 317
"../../../Engine/Plugins/Animation/ControlRig/Content/Controls/ControlRig_Arrow4_3mm.uasset" 318
"../../../Engine/Plugins/Animation/ControlRig/Content/Controls/ControlRig_Arrow4_3mm.uexp" 319
"../../../Engine/Plugins/Animation/ControlRig/Content/Controls/ControlRig_Arrow4_1mm.uasset" 320
"../../../Engine/Plugins/Animation/ControlRig/Content/Controls/ControlRig_Arrow4_1mm.uexp" 321
"../../../Engine/Plugins/Animation/ControlRig/Content/Controls/ControlRig_Arrow2_solid.uasset" 322
"../../../Engine/Plugins/Animation/ControlRig/Content/Controls/ControlRig_Arrow2_solid.uexp" 323
"../../../Engine/Plugins/Animation/ControlRig/Content/Controls/ControlRig_Arrow2_3mm.uasset" 324
"../../../Engine/Plugins/Animation/ControlRig/Content/Controls/ControlRig_Arrow2_3mm.uexp" 325
"../../../Engine/Plugins/Animation/ControlRig/Content/Controls/ControlRig_Arrow2_1mm.uasset" 326
"../../../Engine/Plugins/Animation/ControlRig/Content/Controls/ControlRig_Arrow2_1mm.uexp" 327
"../../../Engine/Plugins/Animation/ControlRig/Content/Controls/ControlRigXRayMaterial.uasset" 328
"../../../Engine/Plugins/Animation/ControlRig/Content/Controls/ControlRigXRayMaterial.uexp" 329
"../../../Engine/Plugins/Animation/ControlRig/Content/Controls/ControlRigGizmoMaterial.uasset" 330
"../../../Engine/Plugins/Animation/ControlRig/Content/Controls/ControlRigGizmoMaterial.uexp" 331
"../../../Engine/Content/EngineResources/WhiteSquareTexture.uasset" 332
"../../../Engine/Content/EngineResources/WhiteSquareTexture.uexp" 333
"../../../Engine/Content/EngineMaterials/Widget3DPassThrough.uasset" 334
"../../../Engine/Content/EngineMaterials/Widget3DPassThrough.uexp" 335
"../../../Engine/Content/EngineMaterials/Widget3DPassThrough_Translucent.uasset" 336
"../../../Engine/Content/EngineMaterials/Widget3DPassThrough_Translucent.uexp" 337
"../../../Engine/Content/EngineMaterials/Widget3DPassThrough_Translucent_OneSided.uasset" 338
"../../../Engine/Content/EngineMaterials/Widget3DPassThrough_Translucent_OneSided.uexp" 339
"../../../Engine/Content/EngineMaterials/Widget3DPassThrough_Opaque.uasset" 340
"../../../Engine/Content/EngineMaterials/Widget3DPassThrough_Opaque.uexp" 341
"../../../Engine/Content/EngineMaterials/Widget3DPassThrough_Opaque_OneSided.uasset" 342
"../../../Engine/Content/EngineMaterials/Widget3DPassThrough_Opaque_OneSided.uexp" 343
"../../../Engine/Content/EngineMaterials/Widget3DPassThrough_Masked_OneSided.uasset" 344
"../../../Engine/Content/EngineMaterials/Widget3DPassThrough_Masked_OneSided.uexp" 345
"../../../Engine/Content/EngineMaterials/Widget3DPassThrough_Masked.uasset" 346
"../../../Engine/Content/EngineMaterials/Widget3DPassThrough_Masked.uexp" 347
"../../../Engine/Content/EngineMaterials/STBlueNoise_vec2_128x128x64.uasset" 348
"../../../Engine/Content/EngineMaterials/STBlueNoise_vec2_128x128x64.uexp" 349
"../../../Engine/Content/EngineMaterials/STBlueNoise_scalar_128x128x64.uasset" 350
"../../../Engine/Content/EngineMaterials/STBlueNoise_scalar_128x128x64.uexp" 351
"../../../Engine/Content/EngineMaterials/RemoveSurfaceMaterial.uasset" 352
"../../../Engine/Content/EngineMaterials/RemoveSurfaceMaterial.uexp" 353
"../../../Engine/Content/EngineMaterials/DefaultCalibrationGrayscale.uasset" 354
"../../../Engine/Content/EngineMaterials/DefaultCalibrationGrayscale.uexp" 355
"../../../Engine/Content/EngineMaterials/PPM_DefaultCalibrationGrayscale.uasset" 356
"../../../Engine/Content/EngineMaterials/PPM_DefaultCalibrationGrayscale.uexp" 357
"../../../Engine/Content/EngineMaterials/DefaultCalibrationColor.uasset" 358
"../../../Engine/Content/EngineMaterials/DefaultCalibrationColor.uexp" 359
"../../../Engine/Content/EngineMaterials/PPM_DefaultCalibrationColor.uasset" 360
"../../../Engine/Content/EngineMaterials/PPM_DefaultCalibrationColor.uexp" 361
"../../../Engine/Content/EngineMaterials/PhAT_JointLimitMaterial.uasset" 362
"../../../Engine/Content/EngineMaterials/PhAT_JointLimitMaterial.uexp" 363
"../../../Engine/Content/EngineMaterials/NaniteHiddenSectionMaterial.uasset" 364
"../../../Engine/Content/EngineMaterials/NaniteHiddenSectionMaterial.uexp" 365
"../../../Engine/Content/EngineMaterials/InvalidLightmapSettings.uasset" 366
"../../../Engine/Content/EngineMaterials/InvalidLightmapSettings.uexp" 367
"../../../Engine/Content/EngineMaterials/M_InvalidLightmapSettings.uasset" 368
"../../../Engine/Content/EngineMaterials/M_InvalidLightmapSettings.uexp" 369
"../../../Engine/Content/EngineMaterials/GizmoMaterial.uasset" 370
"../../../Engine/Content/EngineMaterials/GizmoMaterial.uexp" 371
"../../../Engine/Content/EngineMaterials/BaseFlattenEmissiveMap_VT.uasset" 372
"../../../Engine/Content/EngineMaterials/BaseFlattenEmissiveMap_VT.uexp" 373
"../../../Engine/Content/EngineMaterials/BaseFlattenGrayscaleMap_VT.uasset" 374
"../../../Engine/Content/EngineMaterials/BaseFlattenGrayscaleMap_VT.uexp" 375
"../../../Engine/Content/EngineMaterials/BaseFlattenLinearColor_VT.uasset" 376
"../../../Engine/Content/EngineMaterials/BaseFlattenLinearColor_VT.uexp" 377
"../../../Engine/Content/EngineMaterials/Black_1x1_EXR_Texture_VT.uasset" 378
"../../../Engine/Content/EngineMaterials/Black_1x1_EXR_Texture_VT.uexp" 379
"../../../Engine/Content/EngineMaterials/BaseFlattenDiffuseMap_VT.uasset" 380
"../../../Engine/Content/EngineMaterials/BaseFlattenDiffuseMap_VT.uexp" 381
"../../../Engine/Content/EngineMaterials/BaseFlattenNormalMap_VT.uasset" 382
"../../../Engine/Content/EngineMaterials/BaseFlattenNormalMap_VT.uexp" 383
"../../../Engine/Content/EngineMaterials/FlattenMaterial_WS_Normal_VT.uasset" 384
"../../../Engine/Content/EngineMaterials/FlattenMaterial_WS_Normal_VT.uexp" 385
"../../../Engine/Content/EngineMaterials/FlattenMaterial_VT.uasset" 386
"../../../Engine/Content/EngineMaterials/FlattenMaterial_VT.uexp" 387
"../../../Engine/Content/EngineMaterials/BaseFlattenNormalMap.uasset" 388
"../../../Engine/Content/EngineMaterials/BaseFlattenNormalMap.uexp" 389
"../../../Engine/Content/EngineMaterials/BaseFlattenGrayscaleMap.uasset" 390
"../../../Engine/Content/EngineMaterials/BaseFlattenGrayscaleMap.uexp" 391
"../../../Engine/Content/EngineMaterials/BaseFlattenDiffuseMap.uasset" 392
"../../../Engine/Content/EngineMaterials/BaseFlattenDiffuseMap.uexp" 393
"../../../Engine/Content/Functions/Engine_MaterialFunctions02/PivotPainter2/Black_1x1_EXR_Texture.uasset" 394
"../../../Engine/Content/Functions/Engine_MaterialFunctions02/PivotPainter2/Black_1x1_EXR_Texture.uexp" 395
"../../../Engine/Content/EngineMaterials/BaseFlattenEmissiveMap.uasset" 396
"../../../Engine/Content/EngineMaterials/BaseFlattenEmissiveMap.uexp" 397
"../../../Engine/Content/EngineMaterials/BaseFlattenLinearColor.uasset" 398
"../../../Engine/Content/EngineMaterials/BaseFlattenLinearColor.uexp" 399
"../../../Engine/Content/EngineMaterials/FlattenMaterial.uasset" 400
"../../../Engine/Content/EngineMaterials/FlattenMaterial.uexp" 401
"../../../Engine/Content/EngineMaterials/DefaultWhiteGrid_Low.uasset" 402
"../../../Engine/Content/EngineMaterials/DefaultWhiteGrid_Low.uexp" 403
"../../../Engine/Content/EngineMaterials/EmissiveMeshMaterial.uasset" 404
"../../../Engine/Content/EngineMaterials/EmissiveMeshMaterial.uexp" 405
"../../../Engine/Content/EngineMaterials/DefaultTextMaterialOpaque.uasset" 406
"../../../Engine/Content/EngineMaterials/DefaultTextMaterialOpaque.uexp" 407
"../../../Engine/Content/EngineMaterials/DefaultDiffuse.uasset" 408
"../../../Engine/Content/EngineMaterials/DefaultDiffuse.uexp" 409
"../../../Engine/Content/Functions/Engine_MaterialFunctions02/Utility/BreakOutFloat2Components.uasset" 410
"../../../Engine/Content/Functions/Engine_MaterialFunctions02/Utility/BreakOutFloat2Components.uexp" 411
"../../../Engine/Content/EngineMaterials/DefaultPostProcessMaterial.uasset" 412
"../../../Engine/Content/EngineMaterials/DefaultPostProcessMaterial.uexp" 413
"../../../Engine/Content/EngineMaterials/DefaultPhysicalMaterial.uasset" 414
"../../../Engine/Content/EngineMaterials/DefaultPhysicalMaterial.uexp" 415
"../../../Engine/Content/EngineMaterials/DefaultLightFunctionMaterial.uasset" 416
"../../../Engine/Content/EngineMaterials/DefaultLightFunctionMaterial.uexp" 417
"../../../Engine/Content/EngineMaterials/DefaultDestructiblePhysicalMaterial.uasset" 418
"../../../Engine/Content/EngineMaterials/DefaultDestructiblePhysicalMaterial.uexp" 419
"../../../Engine/Content/EngineMaterials/DefaultDeferredDecalMaterial.uasset" 420
"../../../Engine/Content/EngineMaterials/DefaultDeferredDecalMaterial.uexp" 421
"../../../Engine/Content/EngineMaterials/DefaultBloomKernel.uasset" 422
"../../../Engine/Content/EngineMaterials/DefaultBloomKernel.uexp" 423
"../../../Engine/Content/EngineFonts/Faces/RobotoLight.uexp" 424
"../../../Engine/Content/EngineFonts/Faces/RobotoLight.uasset" 425
"../../../Engine/Content/EngineFonts/Faces/RobotoLight.ufont" 426
"../../../Engine/Content/EngineFonts/Faces/RobotoBold.uexp" 427
"../../../Engine/Content/EngineFonts/Faces/RobotoBold.uasset" 428
"../../../Engine/Content/EngineFonts/Faces/RobotoBold.ufont" 429
"../../../Engine/Content/EngineFonts/Faces/RobotoRegular.uexp" 430
"../../../Engine/Content/EngineFonts/Faces/RobotoRegular.uasset" 431
"../../../Engine/Content/EngineFonts/Faces/RobotoRegular.ufont" 432
"../../../Engine/Content/EngineFonts/Faces/DroidSansFallback.uexp" 433
"../../../Engine/Content/EngineFonts/Faces/DroidSansFallback.uasset" 434
"../../../Engine/Content/EngineFonts/Faces/DroidSansFallback.ufont" 435
"../../../Engine/Content/EngineFonts/Faces/RobotoItalic.uexp" 436
"../../../Engine/Content/EngineFonts/Faces/RobotoItalic.uasset" 437
"../../../Engine/Content/EngineFonts/Faces/RobotoItalic.ufont" 438
"../../../Engine/Content/EngineFonts/Faces/RobotoBoldItalic.uexp" 439
"../../../Engine/Content/EngineFonts/Faces/RobotoBoldItalic.uasset" 440
"../../../Engine/Content/EngineFonts/Faces/RobotoBoldItalic.ufont" 441
"../../../Engine/Content/Functions/Engine_MaterialFunctions02/Utility/CameraDirectionVector.uasset" 442
"../../../Engine/Content/Functions/Engine_MaterialFunctions02/Utility/CameraDirectionVector.uexp" 443
"../../../Engine/Content/EngineDebugMaterials/VolumeToRender.uasset" 444
"../../../Engine/Content/EngineDebugMaterials/VolumeToRender.uexp" 445
"../../../Engine/Content/EngineDebugMaterials/M_VolumeRenderSphereTracePP.uasset" 446
"../../../Engine/Content/EngineDebugMaterials/M_VolumeRenderSphereTracePP.uexp" 447
"../../../Engine/Content/EngineDebugMaterials/M_SimpleUnlitTranslucent.uasset" 448
"../../../Engine/Content/EngineDebugMaterials/M_SimpleUnlitTranslucent.uexp" 449
"../../../Engine/Content/EngineDebugMaterials/DebugMeshMaterial.uasset" 450
"../../../Engine/Content/EngineDebugMaterials/DebugMeshMaterial.uexp" 451
"../../../Engine/Content/EngineDebugMaterials/DebugEditorMaterial.uasset" 452
"../../../Engine/Content/EngineDebugMaterials/DebugEditorMaterial.uexp" 453
"../../../Engine/Content/EngineDamageTypes/DmgTypeBP_Environmental.uasset" 454
"../../../Engine/Content/EngineDamageTypes/DmgTypeBP_Environmental.uexp" 455
"../../../Engine/Content/EditorResources/S_Terrain.uasset" 456
"../../../Engine/Content/EditorResources/S_Terrain.uexp" 457
"../../../Engine/Content/EngineSky/VolumetricClouds/CloudWeatherTexture.uasset" 458
"../../../Engine/Content/EngineSky/VolumetricClouds/CloudWeatherTexture.uexp" 459
"../../../Engine/Content/Functions/Engine_MaterialFunctions02/Utility/MakeFloat2.uasset" 460
"../../../Engine/Content/Functions/Engine_MaterialFunctions02/Utility/MakeFloat2.uexp" 461
"../../../Engine/Content/EngineSky/VolumetricClouds/CloudGradientTexture.uasset" 462
"../../../Engine/Content/EngineSky/VolumetricClouds/CloudGradientTexture.uexp" 463
"../../../Engine/Content/EngineSky/VolumetricClouds/T_NoiseShape64.uasset" 464
"../../../Engine/Content/EngineSky/VolumetricClouds/T_NoiseShape64.uexp" 465
"../../../Engine/Content/EngineSky/VolumetricClouds/T_VolumeNoiseShape64.uasset" 466
"../../../Engine/Content/EngineSky/VolumetricClouds/T_VolumeNoiseShape64.uexp" 467
"../../../Engine/Content/EngineSky/VolumetricClouds/T_NoiseErosion.uasset" 468
"../../../Engine/Content/EngineSky/VolumetricClouds/T_NoiseErosion.uexp" 469
"../../../Engine/Content/EngineSky/VolumetricClouds/T_VolumeNoiseErosion32.uasset" 470
"../../../Engine/Content/EngineSky/VolumetricClouds/T_VolumeNoiseErosion32.uexp" 471
"../../../Engine/Content/EngineSky/VolumetricClouds/m_SimpleVolumetricCloud.uasset" 472
"../../../Engine/Content/EngineSky/VolumetricClouds/m_SimpleVolumetricCloud.uexp" 473
"../../../Engine/Content/EngineSky/VolumetricClouds/m_SimpleVolumetricCloud_Inst.uasset" 474
"../../../Engine/Content/EngineSky/VolumetricClouds/m_SimpleVolumetricCloud_Inst.uexp" 475
"../../../Engine/Content/EngineResources/FilmGrains/Marcie_Grain_v3_128_M2_000.uasset" 476
"../../../Engine/Content/EngineResources/FilmGrains/Marcie_Grain_v3_128_M2_000.uexp" 477
"../../../Engine/Content/MobileResources/HUD/VirtualJoystick_Background.uasset" 478
"../../../Engine/Content/MobileResources/HUD/VirtualJoystick_Background.uexp" 479
"../../../Engine/Content/MobileResources/HUD/VirtualJoystick_Thumb.uasset" 480
"../../../Engine/Content/MobileResources/HUD/VirtualJoystick_Thumb.uexp" 481
"../../../Engine/Content/MobileResources/HUD/DefaultVirtualJoysticks.uasset" 482
"../../../Engine/Content/MobileResources/HUD/DefaultVirtualJoysticks.uexp" 483
"../../../Engine/Content/EditorResources/EmptyActor.uasset" 484
"../../../Engine/Content/EditorResources/EmptyActor.uexp" 485
"../../../Engine/Content/EditorResources/BSPVertex.uasset" 486
"../../../Engine/Content/EditorResources/BSPVertex.uexp" 487
"../../../Engine/Content/EditorResources/SequenceRecorder/RecordingIndicator.uasset" 488
"../../../Engine/Content/EditorResources/SequenceRecorder/RecordingIndicator.uexp" 489
"../../../Engine/Content/EditorResources/SequenceRecorder/Countdown.uasset" 490
"../../../Engine/Content/EditorResources/SequenceRecorder/Countdown.uexp" 491
"../../../Engine/Content/EditorResources/LightIcons/S_LightError.uasset" 492
"../../../Engine/Content/EditorResources/LightIcons/S_LightError.uexp" 493
"../../../Engine/Content/EditorMaterials/PreviewShadowIndicator.uasset" 494
"../../../Engine/Content/EditorMaterials/PreviewShadowIndicator.uexp" 495
"../../../Engine/Content/EditorMaterials/PreviewShadowIndicatorMaterial.uasset" 496
"../../../Engine/Content/EditorMaterials/PreviewShadowIndicatorMaterial.uexp" 497
"../../../Engine/Content/EditorMaterials/PhAT_UnselectedMaterial.uasset" 498
"../../../Engine/Content/EditorMaterials/PhAT_UnselectedMaterial.uexp" 499
"../../../Engine/Content/EditorMaterials/PhAT_NoCollisionMaterial.uasset" 500
"../../../Engine/Content/EditorMaterials/PhAT_NoCollisionMaterial.uexp" 501
"../../../Engine/Content/BasicShapes/Plane.uasset" 502
"../../../Engine/Content/BasicShapes/Plane.uexp" 503
"../../../Engine/Content/EngineMaterials/DefaultMaterial.uasset" 504
"../../../Engine/Content/EngineMaterials/DefaultMaterial.uexp" 505
"../../../Engine/Content/BasicShapes/Cylinder.uasset" 506
"../../../Engine/Content/BasicShapes/Cylinder.uexp" 507
"../../../Engine/Content/BasicShapes/Cone.uasset" 508
"../../../Engine/Content/BasicShapes/Cone.uexp" 509
"C:/Users/strza/Desktop/shades data/project files/game/Content/Realistic_Starter_VFX_Pack_Vol2/Textures/T_Rocks.uasset" 510
"C:/Users/strza/Desktop/shades data/project files/game/Content/Realistic_Starter_VFX_Pack_Vol2/Textures/T_Rocks.uexp" 511
"C:/Users/strza/Desktop/shades data/project files/game/Content/Realistic_Starter_VFX_Pack_Vol2/Textures/T_Rocks_NM.uasset" 512
"C:/Users/strza/Desktop/shades data/project files/game/Content/Realistic_Starter_VFX_Pack_Vol2/Textures/T_Rocks_NM.uexp" 513
"C:/Users/strza/Desktop/shades data/project files/game/Content/Realistic_Starter_VFX_Pack_Vol2/Materials/M_Rock_B.uasset" 514
"C:/Users/strza/Desktop/shades data/project files/game/Content/Realistic_Starter_VFX_Pack_Vol2/Materials/M_Rock_B.uexp" 515
"C:/Users/strza/Desktop/shades data/project files/game/Content/Realistic_Starter_VFX_Pack_Vol2/Textures/T_Epxlosion_B_packed.uasset" 516
"C:/Users/strza/Desktop/shades data/project files/game/Content/Realistic_Starter_VFX_Pack_Vol2/Textures/T_Epxlosion_B_packed.uexp" 517
"C:/Users/strza/Desktop/shades data/project files/game/Content/Realistic_Starter_VFX_Pack_Vol2/Textures/T_Epxlosion_B_color.uasset" 518
"C:/Users/strza/Desktop/shades data/project files/game/Content/Realistic_Starter_VFX_Pack_Vol2/Textures/T_Epxlosion_B_color.uexp" 519
"C:/Users/strza/Desktop/shades data/project files/game/Content/Realistic_Starter_VFX_Pack_Vol2/Materials/M_Explosion_B.uasset" 520
"C:/Users/strza/Desktop/shades data/project files/game/Content/Realistic_Starter_VFX_Pack_Vol2/Materials/M_Explosion_B.uexp" 521
"C:/Users/strza/Desktop/shades data/project files/game/Content/Realistic_Starter_VFX_Pack_Vol2/Textures/T_Flare_A.uasset" 522
"C:/Users/strza/Desktop/shades data/project files/game/Content/Realistic_Starter_VFX_Pack_Vol2/Textures/T_Flare_A.uexp" 523
"C:/Users/strza/Desktop/shades data/project files/game/Content/Realistic_Starter_VFX_Pack_Vol2/Textures/T_Spark_B.uasset" 524
"C:/Users/strza/Desktop/shades data/project files/game/Content/Realistic_Starter_VFX_Pack_Vol2/Textures/T_Spark_B.uexp" 525
"C:/Users/strza/Desktop/shades data/project files/game/Content/Realistic_Starter_VFX_Pack_Vol2/Materials/M_Glow_C.uasset" 526
"C:/Users/strza/Desktop/shades data/project files/game/Content/Realistic_Starter_VFX_Pack_Vol2/Materials/M_Glow_C.uexp" 527
"C:/Users/strza/Desktop/shades data/project files/game/Content/Realistic_Starter_VFX_Pack_Vol2/Materials/M_Glow_C_Inst.uasset" 528
"C:/Users/strza/Desktop/shades data/project files/game/Content/Realistic_Starter_VFX_Pack_Vol2/Materials/M_Glow_C_Inst.uexp" 529
"C:/Users/strza/Desktop/shades data/project files/game/Content/Realistic_Starter_VFX_Pack_Vol2/Vectorfields/VectorField_A.uasset" 530
"C:/Users/strza/Desktop/shades data/project files/game/Content/Realistic_Starter_VFX_Pack_Vol2/Vectorfields/VectorField_A.uexp" 531
"C:/Users/strza/Desktop/shades data/project files/game/Content/Realistic_Starter_VFX_Pack_Vol2/Textures/T_Impact.uasset" 532
"C:/Users/strza/Desktop/shades data/project files/game/Content/Realistic_Starter_VFX_Pack_Vol2/Textures/T_Impact.uexp" 533
"C:/Users/strza/Desktop/shades data/project files/game/Content/Realistic_Starter_VFX_Pack_Vol2/Materials/M_Impact_C.uasset" 534
"C:/Users/strza/Desktop/shades data/project files/game/Content/Realistic_Starter_VFX_Pack_Vol2/Materials/M_Impact_C.uexp" 535
"../../../Engine/Content/Functions/Engine_MaterialFunctions01/Gradient/SphereGradient-2D.uasset" 536
"../../../Engine/Content/Functions/Engine_MaterialFunctions01/Gradient/SphereGradient-2D.uexp" 537
"C:/Users/strza/Desktop/shades data/project files/game/Content/Realistic_Starter_VFX_Pack_Vol2/Textures/T_NoiseNormal_B.uasset" 538
"C:/Users/strza/Desktop/shades data/project files/game/Content/Realistic_Starter_VFX_Pack_Vol2/Textures/T_NoiseNormal_B.uexp" 539
"C:/Users/strza/Desktop/shades data/project files/game/Content/Realistic_Starter_VFX_Pack_Vol2/Materials/M_Distortion.uasset" 540
"C:/Users/strza/Desktop/shades data/project files/game/Content/Realistic_Starter_VFX_Pack_Vol2/Materials/M_Distortion.uexp" 541
"C:/Users/strza/Desktop/shades data/project files/game/Content/Realistic_Starter_VFX_Pack_Vol2/Textures/T_Smoke_Wisp.uasset" 542
"C:/Users/strza/Desktop/shades data/project files/game/Content/Realistic_Starter_VFX_Pack_Vol2/Textures/T_Smoke_Wisp.uexp" 543
"C:/Users/strza/Desktop/shades data/project files/game/Content/Realistic_Starter_VFX_Pack_Vol2/Materials/M_Smoke_Wisp.uasset" 544
"C:/Users/strza/Desktop/shades data/project files/game/Content/Realistic_Starter_VFX_Pack_Vol2/Materials/M_Smoke_Wisp.uexp" 545
"C:/Users/strza/Desktop/shades data/project files/game/Content/Realistic_Starter_VFX_Pack_Vol2/Textures/T_Smoke_B.uasset" 546
"C:/Users/strza/Desktop/shades data/project files/game/Content/Realistic_Starter_VFX_Pack_Vol2/Textures/T_Smoke_B.uexp" 547
"C:/Users/strza/Desktop/shades data/project files/game/Content/Realistic_Starter_VFX_Pack_Vol2/Materials/M_Smoke_A.uasset" 548
"C:/Users/strza/Desktop/shades data/project files/game/Content/Realistic_Starter_VFX_Pack_Vol2/Materials/M_Smoke_A.uexp" 549
"C:/Users/strza/Desktop/shades data/project files/game/Content/Realistic_Starter_VFX_Pack_Vol2/Particles/Explosion/P_Explosion_Big_A.uasset" 550
"C:/Users/strza/Desktop/shades data/project files/game/Content/Realistic_Starter_VFX_Pack_Vol2/Particles/Explosion/P_Explosion_Big_A.uexp" 551
"../../../Engine/Content/Functions/Engine_MaterialFunctions01/Shading/PowerToRoughness.uasset" 552
"../../../Engine/Content/Functions/Engine_MaterialFunctions01/Shading/PowerToRoughness.uexp" 553
"../../../Engine/Content/BasicShapes/Sphere.uasset" 554
"../../../Engine/Content/BasicShapes/Sphere.uexp" 555
"C:/Users/strza/Desktop/shades data/project files/game/Content/grafika/spaceship/SPACESTATION/station_1_AO.uasset" 556
"C:/Users/strza/Desktop/shades data/project files/game/Content/grafika/spaceship/SPACESTATION/station_1_AO.uexp" 557
"C:/Users/strza/Desktop/shades data/project files/game/Content/grafika/spaceship/SPACESTATION/station_1_metallic.uasset" 558
"C:/Users/strza/Desktop/shades data/project files/game/Content/grafika/spaceship/SPACESTATION/station_1_metallic.uexp" 559
"C:/Users/strza/Desktop/shades data/project files/game/Content/grafika/spaceship/SPACESTATION/station_1_normal.uasset" 560
"C:/Users/strza/Desktop/shades data/project files/game/Content/grafika/spaceship/SPACESTATION/station_1_normal.uexp" 561
"C:/Users/strza/Desktop/shades data/project files/game/Content/grafika/spaceship/SPACESTATION/station_1_albedo.uasset" 562
"C:/Users/strza/Desktop/shades data/project files/game/Content/grafika/spaceship/SPACESTATION/station_1_albedo.uexp" 563
"C:/Users/strza/Desktop/shades data/project files/game/Content/grafika/spaceship/SPACESTATION/station_1_emissive.uasset" 564
"C:/Users/strza/Desktop/shades data/project files/game/Content/grafika/spaceship/SPACESTATION/station_1_emissive.uexp" 565
"C:/Users/strza/Desktop/shades data/project files/game/Content/grafika/spaceship/SPACESTATION/station_1_roughness.uasset" 566
"C:/Users/strza/Desktop/shades data/project files/game/Content/grafika/spaceship/SPACESTATION/station_1_roughness.uexp" 567
"C:/Users/strza/Desktop/shades data/project files/game/Content/grafika/spaceship/SPACESTATION/station_1.uasset" 568
"C:/Users/strza/Desktop/shades data/project files/game/Content/grafika/spaceship/SPACESTATION/station_1.uexp" 569
"C:/Users/strza/Desktop/shades data/project files/game/Content/grafika/spaceship/SPACESTATION/p_79_spaceStation_sf_station_021_low.uasset" 570
"C:/Users/strza/Desktop/shades data/project files/game/Content/grafika/spaceship/SPACESTATION/p_79_spaceStation_sf_station_021_low.uexp" 571
"C:/Users/strza/Desktop/shades data/project files/game/Content/grafika/skybox/skyprem.uasset" 572
"C:/Users/strza/Desktop/shades data/project files/game/Content/grafika/skybox/skyprem.uexp" 573
"C:/Users/strza/Desktop/shades data/project files/game/Content/grafika/spaceship/SPACESTATION/p_79_spaceStation_sf_station_low.uasset" 574
"C:/Users/strza/Desktop/shades data/project files/game/Content/grafika/spaceship/SPACESTATION/p_79_spaceStation_sf_station_low.uexp" 575
"C:/Users/strza/Desktop/shades data/project files/game/Content/grafika/spaceship/SPACESTATION/p_79_spaceStation_sf_station_024_low.uasset" 576
"C:/Users/strza/Desktop/shades data/project files/game/Content/grafika/spaceship/SPACESTATION/p_79_spaceStation_sf_station_024_low.uexp" 577
"C:/Users/strza/Desktop/shades data/project files/game/Content/grafika/planet/moon/8k_moon.uasset" 578
"C:/Users/strza/Desktop/shades data/project files/game/Content/grafika/planet/moon/8k_moon.uexp" 579
"C:/Users/strza/Desktop/shades data/project files/game/Content/grafika/planet/moon/moon-mat.uasset" 580
"C:/Users/strza/Desktop/shades data/project files/game/Content/grafika/planet/moon/moon-mat.uexp" 581
"C:/Users/strza/Desktop/shades data/project files/game/Content/grafika/planet/moon/Moon.uasset" 582
"C:/Users/strza/Desktop/shades data/project files/game/Content/grafika/planet/moon/Moon.uexp" 583
"C:/Users/strza/Desktop/shades data/project files/game/Content/grafika/skybox/SPACEhq.uasset" 584
"C:/Users/strza/Desktop/shades data/project files/game/Content/grafika/skybox/SPACEhq.uexp" 585
"C:/Users/strza/Desktop/shades data/project files/game/Content/grafika/skybox/skyboxparam.uasset" 586
"C:/Users/strza/Desktop/shades data/project files/game/Content/grafika/skybox/skyboxparam.uexp" 587
"../../../Engine/Content/Functions/Engine_MaterialFunctions02/3PointLevels.uasset" 588
"../../../Engine/Content/Functions/Engine_MaterialFunctions02/3PointLevels.uexp" 589
"C:/Users/strza/Desktop/shades data/project files/game/Content/grafika/skybox/spacemap.uasset" 590
"C:/Users/strza/Desktop/shades data/project files/game/Content/grafika/skybox/spacemap.uexp" 591
"C:/Users/strza/Desktop/shades data/project files/game/Content/grafika/spaceship/SPACESTATION/p_79_spaceStation_sf_station_006_low.uasset" 592
"C:/Users/strza/Desktop/shades data/project files/game/Content/grafika/spaceship/SPACESTATION/p_79_spaceStation_sf_station_006_low.uexp" 593
"C:/Users/strza/Desktop/shades data/project files/game/Content/grafika/spaceship/SPACESTATION/p_79_spaceStation_sf_station_013_low.uasset" 594
"C:/Users/strza/Desktop/shades data/project files/game/Content/grafika/spaceship/SPACESTATION/p_79_spaceStation_sf_station_013_low.uexp" 595
"../../../Engine/Content/Functions/Engine_MaterialFunctions01/Shading/ConvertFromDiffSpec.uasset" 596
"../../../Engine/Content/Functions/Engine_MaterialFunctions01/Shading/ConvertFromDiffSpec.uexp" 597
"C:/Users/strza/Desktop/shades data/project files/game/Content/grafika/asteroid/TEX_Object001_2015-02-06_14-35-47_complete_rpf_converted.uasset" 598
"C:/Users/strza/Desktop/shades data/project files/game/Content/grafika/asteroid/TEX_Object001_2015-02-06_14-35-47_complete_rpf_converted.uexp" 599
"C:/Users/strza/Desktop/shades data/project files/game/Content/grafika/asteroid/Object001_mtl.uasset" 600
"C:/Users/strza/Desktop/shades data/project files/game/Content/grafika/asteroid/Object001_mtl.uexp" 601
"C:/Users/strza/Desktop/shades data/project files/game/Content/grafika/asteroid/asteroid.uasset" 602
"C:/Users/strza/Desktop/shades data/project files/game/Content/grafika/asteroid/asteroid.uexp" 603
"C:/Users/strza/Desktop/shades data/project files/game/Content/grafika/bullets/emissive.uasset" 604
"C:/Users/strza/Desktop/shades data/project files/game/Content/grafika/bullets/emissive.uexp" 605
"C:/Users/strza/Desktop/shades data/project files/game/Content/Widgets/Waypnt.uasset" 606
"C:/Users/strza/Desktop/shades data/project files/game/Content/Widgets/Waypnt.uexp" 607
"C:/Users/strza/Desktop/shades data/project files/game/Content/Actors/Waypoint_BP.uasset" 608
"C:/Users/strza/Desktop/shades data/project files/game/Content/Actors/Waypoint_BP.uexp" 609
"C:/Users/strza/Desktop/shades data/project files/game/Content/Actors/MyFogSpawn.uasset" 610
"C:/Users/strza/Desktop/shades data/project files/game/Content/Actors/MyFogSpawn.uexp" 611
"C:/Users/strza/Desktop/shades data/project files/game/Content/Actors/BoomBaseBP.uasset" 612
"C:/Users/strza/Desktop/shades data/project files/game/Content/Actors/BoomBaseBP.uexp" 613
"C:/Users/strza/Desktop/shades data/project files/game/Content/grafika/Sci-Fi_Space_Station/Sci-Fi_Space_Station/Backdrop.uasset" 614
"C:/Users/strza/Desktop/shades data/project files/game/Content/grafika/Sci-Fi_Space_Station/Sci-Fi_Space_Station/Backdrop.uexp" 615
"C:/Users/strza/Desktop/shades data/project files/game/Content/grafika/rocket/sci-fi_rocket_texture_0.uasset" 616
"C:/Users/strza/Desktop/shades data/project files/game/Content/grafika/rocket/sci-fi_rocket_texture_0.uexp" 617
"C:/Users/strza/Desktop/shades data/project files/game/Content/grafika/rocket/sci-fi_rocket_texture_1.uasset" 618
"C:/Users/strza/Desktop/shades data/project files/game/Content/grafika/rocket/sci-fi_rocket_texture_1.uexp" 619
"C:/Users/strza/Desktop/shades data/project files/game/Content/grafika/rocket/sci-fi_rocket_texture_2.uasset" 620
"C:/Users/strza/Desktop/shades data/project files/game/Content/grafika/rocket/sci-fi_rocket_texture_2.uexp" 621
"C:/Users/strza/Desktop/shades data/project files/game/Content/grafika/rocket/UVMap.uasset" 622
"C:/Users/strza/Desktop/shades data/project files/game/Content/grafika/rocket/UVMap.uexp" 623
"C:/Users/strza/Desktop/shades data/project files/game/Content/grafika/rocket/sci-fi_rocket.uasset" 624
"C:/Users/strza/Desktop/shades data/project files/game/Content/grafika/rocket/sci-fi_rocket.uexp" 625
"C:/Users/strza/Desktop/shades data/project files/game/Content/structs/ShieldInvItem.uasset" 626
"C:/Users/strza/Desktop/shades data/project files/game/Content/structs/ShieldInvItem.uexp" 627
"C:/Users/strza/Desktop/shades data/project files/game/Content/Widgets/IntroAnimation.uasset" 628
"C:/Users/strza/Desktop/shades data/project files/game/Content/Widgets/IntroAnimation.uexp" 629
"C:/Users/strza/Desktop/shades data/project files/game/Content/Widgets/ModeWidget.uasset" 630
"C:/Users/strza/Desktop/shades data/project files/game/Content/Widgets/ModeWidget.uexp" 631
"C:/Users/strza/Desktop/shades data/project files/game/Content/SaveData/S_PlayerProfile.uasset" 632
"C:/Users/strza/Desktop/shades data/project files/game/Content/SaveData/S_PlayerProfile.uexp" 633
"C:/Users/strza/Desktop/shades data/project files/game/Content/SaveData/SG_PlayerProfile.uasset" 634
"C:/Users/strza/Desktop/shades data/project files/game/Content/SaveData/SG_PlayerProfile.uexp" 635
"C:/Users/strza/Desktop/shades data/project files/game/Content/Movies/bg1.uasset" 636
"C:/Users/strza/Desktop/shades data/project files/game/Content/Movies/bg1.uexp" 637
"C:/Users/strza/Desktop/shades data/project files/game/Content/Widgets/ServerRow.uasset" 638
"C:/Users/strza/Desktop/shades data/project files/game/Content/Widgets/ServerRow.uexp" 639
"C:/Users/strza/Desktop/shades data/project files/game/Content/Movies/bg1_player.uasset" 640
"C:/Users/strza/Desktop/shades data/project files/game/Content/Movies/bg1_player.uexp" 641
"C:/Users/strza/Desktop/shades data/project files/game/Content/Movies/bg1_player_Video.uasset" 642
"C:/Users/strza/Desktop/shades data/project files/game/Content/Movies/bg1_player_Video.uexp" 643
"C:/Users/strza/Desktop/shades data/project files/game/Content/Movies/video_bg1.uasset" 644
"C:/Users/strza/Desktop/shades data/project files/game/Content/Movies/video_bg1.uexp" 645
"../../../Engine/Content/EditorBlueprintResources/StandardMacros.uasset" 646
"../../../Engine/Content/EditorBlueprintResources/StandardMacros.uexp" 647
"C:/Users/strza/Desktop/shades data/project files/game/Content/Widgets/MultiELOLMenu1.uasset" 648
"C:/Users/strza/Desktop/shades data/project files/game/Content/Widgets/MultiELOLMenu1.uexp" 649
"C:/Users/strza/Desktop/shades data/project files/game/Content/Widgets/ELOLMenu.uasset" 650
"C:/Users/strza/Desktop/shades data/project files/game/Content/Widgets/ELOLMenu.uexp" 651
"C:/Users/strza/Desktop/shades data/project files/game/Content/ELOLGameInstance_BP.uasset" 652
"C:/Users/strza/Desktop/shades data/project files/game/Content/ELOLGameInstance_BP.uexp" 653
"C:/Users/strza/Desktop/shades data/project files/game/Content/Widgets/GreyScreenWidget.uasset" 654
"C:/Users/strza/Desktop/shades data/project files/game/Content/Widgets/GreyScreenWidget.uexp" 655
"C:/Users/strza/Desktop/shades data/project files/game/Content/Widgets/PLACEHOLDER.uasset" 656
"C:/Users/strza/Desktop/shades data/project files/game/Content/Widgets/PLACEHOLDER.uexp" 657
"C:/Users/strza/Desktop/shades data/project files/game/Content/Widgets/ItemWidget.uasset" 658
"C:/Users/strza/Desktop/shades data/project files/game/Content/Widgets/ItemWidget.uexp" 659
"C:/Users/strza/Desktop/shades data/project files/game/Content/Widgets/loot.uasset" 660
"C:/Users/strza/Desktop/shades data/project files/game/Content/Widgets/loot.uexp" 661
"C:/Users/strza/Desktop/shades data/project files/game/Content/Widgets/AbilityWidget.uasset" 662
"C:/Users/strza/Desktop/shades data/project files/game/Content/Widgets/AbilityWidget.uexp" 663
"C:/Users/strza/Desktop/shades data/project files/game/Content/Widgets/EleSpaceInv.uasset" 664
"C:/Users/strza/Desktop/shades data/project files/game/Content/Widgets/EleSpaceInv.uexp" 665
"C:/Users/strza/Desktop/shades data/project files/game/Content/Widgets/ShipInterface.uasset" 666
"C:/Users/strza/Desktop/shades data/project files/game/Content/Widgets/ShipInterface.uexp" 667
"C:/Users/strza/Desktop/shades data/project files/game/Content/Actors/Rocket1.uasset" 668
"C:/Users/strza/Desktop/shades data/project files/game/Content/Actors/Rocket1.uexp" 669
"C:/Users/strza/Desktop/shades data/project files/game/Content/grafika/bullets/bullet.uasset" 670
"C:/Users/strza/Desktop/shades data/project files/game/Content/grafika/bullets/bullet.uexp" 671
"C:/Users/strza/Desktop/shades data/project files/game/Content/grafika/pickup_trash/sputnik/Sputnik_3/crhromespout.uasset" 672
"C:/Users/strza/Desktop/shades data/project files/game/Content/grafika/pickup_trash/sputnik/Sputnik_3/crhromespout.uexp" 673
"C:/Users/strza/Desktop/shades data/project files/game/Content/structs/LaserAmmoInvItem.uasset" 674
"C:/Users/strza/Desktop/shades data/project files/game/Content/structs/LaserAmmoInvItem.uexp" 675
"C:/Users/strza/Desktop/shades data/project files/game/Content/pawns/MyPlayerShipBase.uasset" 676
"C:/Users/strza/Desktop/shades data/project files/game/Content/pawns/MyPlayerShipBase.uexp" 677
"C:/Users/strza/Desktop/shades data/project files/game/Content/Actors/pickup_BP.uasset" 678
"C:/Users/strza/Desktop/shades data/project files/game/Content/Actors/pickup_BP.uexp" 679
"C:/Users/strza/Desktop/shades data/project files/game/Content/grafika/planet/earth/8k_earth_daymap.uasset" 680
"C:/Users/strza/Desktop/shades data/project files/game/Content/grafika/planet/earth/8k_earth_daymap.uexp" 681
"C:/Users/strza/Desktop/shades data/project files/game/Content/grafika/planet/earth/8k_earth_specular_map.uasset" 682
"C:/Users/strza/Desktop/shades data/project files/game/Content/grafika/planet/earth/8k_earth_specular_map.uexp" 683
"C:/Users/strza/Desktop/shades data/project files/game/Content/grafika/planet/earth/8k_earth_normal_map.uasset" 684
"C:/Users/strza/Desktop/shades data/project files/game/Content/grafika/planet/earth/8k_earth_normal_map.uexp" 685
"C:/Users/strza/Desktop/shades data/project files/game/Content/grafika/planet/earth/8k_earth_nightmap.uasset" 686
"C:/Users/strza/Desktop/shades data/project files/game/Content/grafika/planet/earth/8k_earth_nightmap.uexp" 687
"C:/Users/strza/Desktop/shades data/project files/game/Content/grafika/planet/earth/earth.uasset" 688
"C:/Users/strza/Desktop/shades data/project files/game/Content/grafika/planet/earth/earth.uexp" 689
"C:/Users/strza/Desktop/shades data/project files/game/Content/grafika/planet/earth/Earth_Earth.uasset" 690
"C:/Users/strza/Desktop/shades data/project files/game/Content/grafika/planet/earth/Earth_Earth.uexp" 691
"C:/Users/strza/Desktop/shades data/project files/game/Content/grafika/planet/earth/earth-movement.uasset" 692
"C:/Users/strza/Desktop/shades data/project files/game/Content/grafika/planet/earth/earth-movement.uexp" 693
"C:/Users/strza/Desktop/shades data/project files/game/Content/grafika/spaceship/SPACESTATION/p_79_spaceStation_sf_station_011_low.uasset" 694
"C:/Users/strza/Desktop/shades data/project files/game/Content/grafika/spaceship/SPACESTATION/p_79_spaceStation_sf_station_011_low.uexp" 695
"C:/Users/strza/Desktop/shades data/project files/game/Content/grafika/spaceship/SPACESTATION/p_79_spaceStation_sf_station_016_low.uasset" 696
"C:/Users/strza/Desktop/shades data/project files/game/Content/grafika/spaceship/SPACESTATION/p_79_spaceStation_sf_station_016_low.uexp" 697
"C:/Users/strza/Desktop/shades data/project files/game/Content/grafika/ateroid_pack/textures/Mat1_Normal_DirectX.uasset" 698
"C:/Users/strza/Desktop/shades data/project files/game/Content/grafika/ateroid_pack/textures/Mat1_Normal_DirectX.uexp" 699
"C:/Users/strza/Desktop/shades data/project files/game/Content/grafika/ateroid_pack/textures/Mat1_Mixed_AO.uasset" 700
"C:/Users/strza/Desktop/shades data/project files/game/Content/grafika/ateroid_pack/textures/Mat1_Mixed_AO.uexp" 701
"C:/Users/strza/Desktop/shades data/project files/game/Content/grafika/ateroid_pack/textures/Mat1_Roughness.uasset" 702
"C:/Users/strza/Desktop/shades data/project files/game/Content/grafika/ateroid_pack/textures/Mat1_Roughness.uexp" 703
"C:/Users/strza/Desktop/shades data/project files/game/Content/grafika/ateroid_pack/textures/Mat1_Metallic.uasset" 704
"C:/Users/strza/Desktop/shades data/project files/game/Content/grafika/ateroid_pack/textures/Mat1_Metallic.uexp" 705
"C:/Users/strza/Desktop/shades data/project files/game/Content/grafika/ateroid_pack/textures/Mat1_Base_Color.uasset" 706
"C:/Users/strza/Desktop/shades data/project files/game/Content/grafika/ateroid_pack/textures/Mat1_Base_Color.uexp" 707
"C:/Users/strza/Desktop/shades data/project files/game/Content/grafika/ateroid_pack/source/Material__3.uasset" 708
"C:/Users/strza/Desktop/shades data/project files/game/Content/grafika/ateroid_pack/source/Material__3.uexp" 709
"C:/Users/strza/Desktop/shades data/project files/game/Content/grafika/ateroid_pack/source/AsteroidsPackSF_Asteroid_no_1.uasset" 710
"C:/Users/strza/Desktop/shades data/project files/game/Content/grafika/ateroid_pack/source/AsteroidsPackSF_Asteroid_no_1.uexp" 711
"C:/Users/strza/Desktop/shades data/project files/game/Content/grafika/ateroid_pack/source/AsteroidsPackSF_Asteroid_no_2.uasset" 712
"C:/Users/strza/Desktop/shades data/project files/game/Content/grafika/ateroid_pack/source/AsteroidsPackSF_Asteroid_no_2.uexp" 713
"C:/Users/strza/Desktop/shades data/project files/game/Content/grafika/ateroid_pack/source/AsteroidsPackSF_Asteroid_no_3.uasset" 714
"C:/Users/strza/Desktop/shades data/project files/game/Content/grafika/ateroid_pack/source/AsteroidsPackSF_Asteroid_no_3.uexp" 715
"C:/Users/strza/Desktop/shades data/project files/game/Content/grafika/ateroid_pack/source/AsteroidsPackSF_Asteroid_no_4.uasset" 716
"C:/Users/strza/Desktop/shades data/project files/game/Content/grafika/ateroid_pack/source/AsteroidsPackSF_Asteroid_no_4.uexp" 717
"C:/Users/strza/Desktop/shades data/project files/game/Content/grafika/ateroid_pack/source/AsteroidsPackSF_Asteroid_no_5.uasset" 718
"C:/Users/strza/Desktop/shades data/project files/game/Content/grafika/ateroid_pack/source/AsteroidsPackSF_Asteroid_no_5.uexp" 719
"C:/Users/strza/Desktop/shades data/project files/game/Content/grafika/ateroid_pack/source/AsteroidsPackSF_Asteroid_no_6.uasset" 720
"C:/Users/strza/Desktop/shades data/project files/game/Content/grafika/ateroid_pack/source/AsteroidsPackSF_Asteroid_no_6.uexp" 721
"C:/Users/strza/Desktop/shades data/project files/game/Content/grafika/ateroid_pack/source/AsteroidsPackSF_Asteroid_no_7.uasset" 722
"C:/Users/strza/Desktop/shades data/project files/game/Content/grafika/ateroid_pack/source/AsteroidsPackSF_Asteroid_no_7.uexp" 723
"C:/Users/strza/Desktop/shades data/project files/game/Content/grafika/ateroid_pack/source/AsteroidsPackSF_Asteroid_no_8.uasset" 724
"C:/Users/strza/Desktop/shades data/project files/game/Content/grafika/ateroid_pack/source/AsteroidsPackSF_Asteroid_no_8.uexp" 725
"C:/Users/strza/Desktop/shades data/project files/game/Content/grafika/ateroid_pack/source/AsteroidsPackSF_Asteroid_no_9.uasset" 726
"C:/Users/strza/Desktop/shades data/project files/game/Content/grafika/ateroid_pack/source/AsteroidsPackSF_Asteroid_no_9.uexp" 727
"C:/Users/strza/Desktop/shades data/project files/game/Content/grafika/ateroid_pack/source/AsteroidsPackSF_Asteroid_no_10.uasset" 728
"C:/Users/strza/Desktop/shades data/project files/game/Content/grafika/ateroid_pack/source/AsteroidsPackSF_Asteroid_no_10.uexp" 729
"C:/Users/strza/Desktop/shades data/project files/game/Content/grafika/spaceship/SPACESTATION/p_79_spaceStation_sf_station_012_low.uasset" 730
"C:/Users/strza/Desktop/shades data/project files/game/Content/grafika/spaceship/SPACESTATION/p_79_spaceStation_sf_station_012_low.uexp" 731
"C:/Users/strza/Desktop/shades data/project files/game/Content/grafika/spaceship/SPACESTATION/p_79_spaceStation_sf_station_005_low.uasset" 732
"C:/Users/strza/Desktop/shades data/project files/game/Content/grafika/spaceship/SPACESTATION/p_79_spaceStation_sf_station_005_low.uexp" 733
"C:/Users/strza/Desktop/shades data/project files/game/Content/Actors/AsteroidActor.uasset" 734
"C:/Users/strza/Desktop/shades data/project files/game/Content/Actors/AsteroidActor.uexp" 735
"C:/Users/strza/Desktop/shades data/project files/game/Content/grafika/pickup_trash/sputnik/panel.uasset" 736
"C:/Users/strza/Desktop/shades data/project files/game/Content/grafika/pickup_trash/sputnik/panel.uexp" 737
"C:/Users/strza/Desktop/shades data/project files/game/Content/grafika/pickup_trash/sputnik/panel_Mat.uasset" 738
"C:/Users/strza/Desktop/shades data/project files/game/Content/grafika/pickup_trash/sputnik/panel_Mat.uexp" 739
"C:/Users/strza/Desktop/shades data/project files/game/Content/grafika/pickup_trash/sputnik/boules.uasset" 740
"C:/Users/strza/Desktop/shades data/project files/game/Content/grafika/pickup_trash/sputnik/boules.uexp" 741
"C:/Users/strza/Desktop/shades data/project files/game/Content/grafika/pickup_trash/sputnik/boules_Mat.uasset" 742
"C:/Users/strza/Desktop/shades data/project files/game/Content/grafika/pickup_trash/sputnik/boules_Mat.uexp" 743
"C:/Users/strza/Desktop/shades data/project files/game/Content/grafika/pickup_trash/sputnik/silver.uasset" 744
"C:/Users/strza/Desktop/shades data/project files/game/Content/grafika/pickup_trash/sputnik/silver.uexp" 745
"C:/Users/strza/Desktop/shades data/project files/game/Content/grafika/pickup_trash/sputnik/silver_Mat.uasset" 746
"C:/Users/strza/Desktop/shades data/project files/game/Content/grafika/pickup_trash/sputnik/silver_Mat.uexp" 747
"C:/Users/strza/Desktop/shades data/project files/game/Content/grafika/pickup_trash/sputnik/sputarriere.uasset" 748
"C:/Users/strza/Desktop/shades data/project files/game/Content/grafika/pickup_trash/sputnik/sputarriere.uexp" 749
"C:/Users/strza/Desktop/shades data/project files/game/Content/grafika/pickup_trash/sputnik/sputarriere_Mat.uasset" 750
"C:/Users/strza/Desktop/shades data/project files/game/Content/grafika/pickup_trash/sputnik/sputarriere_Mat.uexp" 751
"C:/Users/strza/Desktop/shades data/project files/game/Content/grafika/pickup_trash/sputnik/chrome.uasset" 752
"C:/Users/strza/Desktop/shades data/project files/game/Content/grafika/pickup_trash/sputnik/chrome.uexp" 753
"C:/Users/strza/Desktop/shades data/project files/game/Content/grafika/pickup_trash/sputnik/chrome_Mat.uasset" 754
"C:/Users/strza/Desktop/shades data/project files/game/Content/grafika/pickup_trash/sputnik/chrome_Mat.uexp" 755
"C:/Users/strza/Desktop/shades data/project files/game/Content/grafika/pickup_trash/sputnik/ajust.uasset" 756
"C:/Users/strza/Desktop/shades data/project files/game/Content/grafika/pickup_trash/sputnik/ajust.uexp" 757
"C:/Users/strza/Desktop/shades data/project files/game/Content/grafika/pickup_trash/sputnik/ajust_Mat.uasset" 758
"C:/Users/strza/Desktop/shades data/project files/game/Content/grafika/pickup_trash/sputnik/ajust_Mat.uexp" 759
"C:/Users/strza/Desktop/shades data/project files/game/Content/grafika/pickup_trash/sputnik/panel2.uasset" 760
"C:/Users/strza/Desktop/shades data/project files/game/Content/grafika/pickup_trash/sputnik/panel2.uexp" 761
"C:/Users/strza/Desktop/shades data/project files/game/Content/grafika/pickup_trash/sputnik/panel2_Mat.uasset" 762
"C:/Users/strza/Desktop/shades data/project files/game/Content/grafika/pickup_trash/sputnik/panel2_Mat.uexp" 763
"C:/Users/strza/Desktop/shades data/project files/game/Content/grafika/pickup_trash/sputnik/radalu.uasset" 764
"C:/Users/strza/Desktop/shades data/project files/game/Content/grafika/pickup_trash/sputnik/radalu.uexp" 765
"C:/Users/strza/Desktop/shades data/project files/game/Content/grafika/pickup_trash/sputnik/radalu_Mat.uasset" 766
"C:/Users/strza/Desktop/shades data/project files/game/Content/grafika/pickup_trash/sputnik/radalu_Mat.uexp" 767
"C:/Users/strza/Desktop/shades data/project files/game/Content/grafika/pickup_trash/sputnik/soybluesolar.uasset" 768
"C:/Users/strza/Desktop/shades data/project files/game/Content/grafika/pickup_trash/sputnik/soybluesolar.uexp" 769
"C:/Users/strza/Desktop/shades data/project files/game/Content/grafika/pickup_trash/sputnik/soybluesolar_Mat.uasset" 770
"C:/Users/strza/Desktop/shades data/project files/game/Content/grafika/pickup_trash/sputnik/soybluesolar_Mat.uexp" 771
"C:/Users/strza/Desktop/shades data/project files/game/Content/grafika/pickup_trash/sputnik/yelclock.uasset" 772
"C:/Users/strza/Desktop/shades data/project files/game/Content/grafika/pickup_trash/sputnik/yelclock.uexp" 773
"C:/Users/strza/Desktop/shades data/project files/game/Content/grafika/pickup_trash/sputnik/yelclock_Mat.uasset" 774
"C:/Users/strza/Desktop/shades data/project files/game/Content/grafika/pickup_trash/sputnik/yelclock_Mat.uexp" 775
"C:/Users/strza/Desktop/shades data/project files/game/Content/grafika/Sci-Fi_Space_Station/Black.uasset" 776
"C:/Users/strza/Desktop/shades data/project files/game/Content/grafika/Sci-Fi_Space_Station/Black.uexp" 777
"C:/Users/strza/Desktop/shades data/project files/game/Content/grafika/pickup_trash/sputnik/flag2.uasset" 778
"C:/Users/strza/Desktop/shades data/project files/game/Content/grafika/pickup_trash/sputnik/flag2.uexp" 779
"C:/Users/strza/Desktop/shades data/project files/game/Content/grafika/pickup_trash/sputnik/flag2_Mat.uasset" 780
"C:/Users/strza/Desktop/shades data/project files/game/Content/grafika/pickup_trash/sputnik/flag2_Mat.uexp" 781
"C:/Users/strza/Desktop/shades data/project files/game/Content/grafika/pickup_trash/sputnik/sputarriere_ncl1_1.uasset" 782
"C:/Users/strza/Desktop/shades data/project files/game/Content/grafika/pickup_trash/sputnik/sputarriere_ncl1_1.uexp" 783
"C:/Users/strza/Desktop/shades data/project files/game/Content/grafika/pickup_trash/sputnik/sputarriere_ncl1_1_Mat.uasset" 784
"C:/Users/strza/Desktop/shades data/project files/game/Content/grafika/pickup_trash/sputnik/sputarriere_ncl1_1_Mat.uexp" 785
"C:/Users/strza/Desktop/shades data/project files/game/Content/grafika/pickup_trash/sputnik/acier.uasset" 786
"C:/Users/strza/Desktop/shades data/project files/game/Content/grafika/pickup_trash/sputnik/acier.uexp" 787
"C:/Users/strza/Desktop/shades data/project files/game/Content/grafika/pickup_trash/sputnik/acier_Mat.uasset" 788
"C:/Users/strza/Desktop/shades data/project files/game/Content/grafika/pickup_trash/sputnik/acier_Mat.uexp" 789
"C:/Users/strza/Desktop/shades data/project files/game/Content/grafika/pickup_trash/sputnik/Sputnik_3.uasset" 790
"C:/Users/strza/Desktop/shades data/project files/game/Content/grafika/pickup_trash/sputnik/Sputnik_3.uexp" 791
"C:/Users/strza/Desktop/shades data/project files/game/Content/Actors/sat1pickup.uasset" 792
"C:/Users/strza/Desktop/shades data/project files/game/Content/Actors/sat1pickup.uexp" 793
"C:/Users/strza/Desktop/shades data/project files/game/Content/Actors/MapSpawnBP.uasset" 794
"C:/Users/strza/Desktop/shades data/project files/game/Content/Actors/MapSpawnBP.uexp" 795
"C:/Users/strza/Desktop/shades data/project files/game/Content/grafika/spaceship/SPACESTATION/p_79_spaceStation_sf_station_003_low.uasset" 796
"C:/Users/strza/Desktop/shades data/project files/game/Content/grafika/spaceship/SPACESTATION/p_79_spaceStation_sf_station_003_low.uexp" 797
"C:/Users/strza/Desktop/shades data/project files/game/Content/grafika/spaceship/SPACESTATION/p_79_spaceStation_sf_station_018_low.uasset" 798
"C:/Users/strza/Desktop/shades data/project files/game/Content/grafika/spaceship/SPACESTATION/p_79_spaceStation_sf_station_018_low.uexp" 799
"C:/Users/strza/Desktop/shades data/project files/game/Content/grafika/spaceship/SPACESTATION/p_79_spaceStation_sf_station_020_low.uasset" 800
"C:/Users/strza/Desktop/shades data/project files/game/Content/grafika/spaceship/SPACESTATION/p_79_spaceStation_sf_station_020_low.uexp" 801
"C:/Users/strza/Desktop/shades data/project files/game/Content/grafika/spaceship/SPACESTATION/p_79_spaceStation_sf_station_025_low.uasset" 802
"C:/Users/strza/Desktop/shades data/project files/game/Content/grafika/spaceship/SPACESTATION/p_79_spaceStation_sf_station_025_low.uexp" 803
"C:/Users/strza/Desktop/shades data/project files/game/Content/grafika/pickup_trash/pwsat/exterior.uasset" 804
"C:/Users/strza/Desktop/shades data/project files/game/Content/grafika/pickup_trash/pwsat/exterior.uexp" 805
"C:/Users/strza/Desktop/shades data/project files/game/Content/Actors/sat2pickup.uasset" 806
"C:/Users/strza/Desktop/shades data/project files/game/Content/Actors/sat2pickup.uexp" 807
"C:/Users/strza/Desktop/shades data/project files/game/Content/grafika/planet/SUN.uasset" 808
"C:/Users/strza/Desktop/shades data/project files/game/Content/grafika/planet/SUN.uexp" 809
"C:/Users/strza/Desktop/shades data/project files/game/Content/grafika/spaceship/SPACESTATION/p_79_spaceStation_sf_station_008_low.uasset" 810
"C:/Users/strza/Desktop/shades data/project files/game/Content/grafika/spaceship/SPACESTATION/p_79_spaceStation_sf_station_008_low.uexp" 811
"C:/Users/strza/Desktop/shades data/project files/game/Content/grafika/spaceship/SPACESTATION/p_79_spaceStation_sf_station_030_low.uasset" 812
"C:/Users/strza/Desktop/shades data/project files/game/Content/grafika/spaceship/SPACESTATION/p_79_spaceStation_sf_station_030_low.uexp" 813
"C:/Users/strza/Desktop/shades data/project files/game/Content/grafika/spaceship/SPACESTATION/p_79_spaceStation_sf_station_017_low.uasset" 814
"C:/Users/strza/Desktop/shades data/project files/game/Content/grafika/spaceship/SPACESTATION/p_79_spaceStation_sf_station_017_low.uexp" 815
"C:/Users/strza/Desktop/shades data/project files/game/Content/grafika/spaceship/SPACESTATION/p_79_spaceStation_sf_station_015_low.uasset" 816
"C:/Users/strza/Desktop/shades data/project files/game/Content/grafika/spaceship/SPACESTATION/p_79_spaceStation_sf_station_015_low.uexp" 817
"C:/Users/strza/Desktop/shades data/project files/game/Content/grafika/spaceship/SPACESTATION/p_79_spaceStation_sf_station_014_low.uasset" 818
"C:/Users/strza/Desktop/shades data/project files/game/Content/grafika/spaceship/SPACESTATION/p_79_spaceStation_sf_station_014_low.uexp" 819
"C:/Users/strza/Desktop/shades data/project files/game/Content/grafika/respawner-metal.uasset" 820
"C:/Users/strza/Desktop/shades data/project files/game/Content/grafika/respawner-metal.uexp" 821
"C:/Users/strza/Desktop/shades data/project files/game/Content/grafika/spaceship/SPACESTATION/p_79_spaceStation_sf_station_004_low.uasset" 822
"C:/Users/strza/Desktop/shades data/project files/game/Content/grafika/spaceship/SPACESTATION/p_79_spaceStation_sf_station_004_low.uexp" 823
"C:/Users/strza/Desktop/shades data/project files/game/Content/grafika/spaceship/SPACESTATION/p_79_spaceStation_sf_station_028_low.uasset" 824
"C:/Users/strza/Desktop/shades data/project files/game/Content/grafika/spaceship/SPACESTATION/p_79_spaceStation_sf_station_028_low.uexp" 825
"C:/Users/strza/Desktop/shades data/project files/game/Content/grafika/spaceship/SPACESTATION/p_79_spaceStation_sf_station_023_low.uasset" 826
"C:/Users/strza/Desktop/shades data/project files/game/Content/grafika/spaceship/SPACESTATION/p_79_spaceStation_sf_station_023_low.uexp" 827
"../../../Engine/Content/MapTemplates/Sky/T_Sky_Stars.uasset" 828
"../../../Engine/Content/MapTemplates/Sky/T_Sky_Stars.uexp" 829
"../../../Engine/Content/MapTemplates/Sky/T_UDK_Sky_CloudMask01_N.uasset" 830
"../../../Engine/Content/MapTemplates/Sky/T_UDK_Sky_CloudMask01_N.uexp" 831
"../../../Engine/Content/MapTemplates/T_UDK_Sky_CloudMask03.uasset" 832
"../../../Engine/Content/MapTemplates/T_UDK_Sky_CloudMask03.uexp" 833
"../../../Engine/Content/MapTemplates/Sky/M_Procedural_Sky_MASTER02.uasset" 834
"../../../Engine/Content/MapTemplates/Sky/M_Procedural_Sky_MASTER02.uexp" 835
"../../../Engine/Content/MapTemplates/Sky/SM_SkySphere.uasset" 836
"../../../Engine/Content/MapTemplates/Sky/SM_SkySphere.uexp" 837
"C:/Users/strza/Desktop/shades data/project files/game/Content/grafika/skybox/space_SKYBIOX.uasset" 838
"C:/Users/strza/Desktop/shades data/project files/game/Content/grafika/skybox/space_SKYBIOX.uexp" 839
"C:/Users/strza/Desktop/shades data/project files/game/Content/grafika/planet/earth/8k_earth_clouds.uasset" 840
"C:/Users/strza/Desktop/shades data/project files/game/Content/grafika/planet/earth/8k_earth_clouds.uexp" 841
"C:/Users/strza/Desktop/shades data/project files/game/Content/grafika/planet/earth/clouds.uasset" 842
"C:/Users/strza/Desktop/shades data/project files/game/Content/grafika/planet/earth/clouds.uexp" 843
"C:/Users/strza/Desktop/shades data/project files/game/Content/grafika/planet/earth/Earth_EarthClouds.uasset" 844
"C:/Users/strza/Desktop/shades data/project files/game/Content/grafika/planet/earth/Earth_EarthClouds.uexp" 845
"C:/Users/strza/Desktop/shades data/project files/game/Content/grafika/planet/earth/earth-cloud-movement.uasset" 846
"C:/Users/strza/Desktop/shades data/project files/game/Content/grafika/planet/earth/earth-cloud-movement.uexp" 847
"C:/Users/strza/Desktop/shades data/project files/game/Content/grafika/spaceship/SPACESTATION/p_79_spaceStation_sf_station_022_low.uasset" 848
"C:/Users/strza/Desktop/shades data/project files/game/Content/grafika/spaceship/SPACESTATION/p_79_spaceStation_sf_station_022_low.uexp" 849
"C:/Users/strza/Desktop/shades data/project files/game/Content/grafika/spaceship/SPACESTATION/p_79_spaceStation_sf_station_026_low.uasset" 850
"C:/Users/strza/Desktop/shades data/project files/game/Content/grafika/spaceship/SPACESTATION/p_79_spaceStation_sf_station_026_low.uexp" 851
"C:/Users/strza/Desktop/shades data/project files/game/Content/grafika/spaceship/SPACESTATION/p_79_spaceStation_sf_station_001_low.uasset" 852
"C:/Users/strza/Desktop/shades data/project files/game/Content/grafika/spaceship/SPACESTATION/p_79_spaceStation_sf_station_001_low.uexp" 853
"C:/Users/strza/Desktop/shades data/project files/game/Content/grafika/spaceship/SPACESTATION/p_79_spaceStation_sf_station_009_low.uasset" 854
"C:/Users/strza/Desktop/shades data/project files/game/Content/grafika/spaceship/SPACESTATION/p_79_spaceStation_sf_station_009_low.uexp" 855
"C:/Users/strza/Desktop/shades data/project files/game/Content/grafika/spaceship/SPACESTATION/p_79_spaceStation_sf_station_027_low.uasset" 856
"C:/Users/strza/Desktop/shades data/project files/game/Content/grafika/spaceship/SPACESTATION/p_79_spaceStation_sf_station_027_low.uexp" 857
"C:/Users/strza/Desktop/shades data/project files/game/Content/grafika/spaceship/SPACESTATION/p_79_spaceStation_sf_station_010_low.uasset" 858
"C:/Users/strza/Desktop/shades data/project files/game/Content/grafika/spaceship/SPACESTATION/p_79_spaceStation_sf_station_010_low.uexp" 859
"C:/Users/strza/Desktop/shades data/project files/game/Content/grafika/spaceship/SPACESTATION/p_79_spaceStation_sf_station_019_low.uasset" 860
"C:/Users/strza/Desktop/shades data/project files/game/Content/grafika/spaceship/SPACESTATION/p_79_spaceStation_sf_station_019_low.uexp" 861
"C:/Users/strza/Desktop/shades data/project files/game/Content/grafika/spaceship/SPACESTATION/p_79_spaceStation_sf_station_007_low.uasset" 862
"C:/Users/strza/Desktop/shades data/project files/game/Content/grafika/spaceship/SPACESTATION/p_79_spaceStation_sf_station_007_low.uexp" 863
"C:/Users/strza/Desktop/shades data/project files/game/Content/grafika/spaceship/SPACESTATION/p_79_spaceStation_sf_station_029_low.uasset" 864
"C:/Users/strza/Desktop/shades data/project files/game/Content/grafika/spaceship/SPACESTATION/p_79_spaceStation_sf_station_029_low.uexp" 865
"C:/Users/strza/Desktop/shades data/project files/game/Content/grafika/spaceship/SPACESTATION/p_79_spaceStation_sf_station_002_low.uasset" 866
"C:/Users/strza/Desktop/shades data/project files/game/Content/grafika/spaceship/SPACESTATION/p_79_spaceStation_sf_station_002_low.uexp" 867
"C:/Users/strza/Desktop/shades data/project files/game/Content/WarpMap.uexp" 868
"C:/Users/strza/Desktop/shades data/project files/game/Content/WarpMap.umap" 869
"C:/Users/strza/Desktop/shades data/project files/game/Content/Widgets/ELOLLobbyMenu.uasset" 870
"C:/Users/strza/Desktop/shades data/project files/game/Content/Widgets/ELOLLobbyMenu.uexp" 871
"C:/Users/strza/Desktop/shades data/project files/game/Content/ELOLMenuController_BP.uasset" 872
"C:/Users/strza/Desktop/shades data/project files/game/Content/ELOLMenuController_BP.uexp" 873
"C:/Users/strza/Desktop/shades data/project files/game/Content/ELOLMenuPawn_BP.uasset" 874
"C:/Users/strza/Desktop/shades data/project files/game/Content/ELOLMenuPawn_BP.uexp" 875
"C:/Users/strza/Desktop/shades data/project files/game/Content/ELOLMenuMode_BP.uasset" 876
"C:/Users/strza/Desktop/shades data/project files/game/Content/ELOLMenuMode_BP.uexp" 877
"C:/Users/strza/Desktop/shades data/project files/game/Content/MenuMap.uexp" 878
"C:/Users/strza/Desktop/shades data/project files/game/Content/MenuMap.umap" 879
"../../../Engine/Content/EngineSky/T_Sky_Stars.uasset" 880
"../../../Engine/Content/EngineSky/T_Sky_Stars.uexp" 881
"../../../Engine/Content/EngineSky/T_Sky_Clouds_M.uasset" 882
"../../../Engine/Content/EngineSky/T_Sky_Clouds_M.uexp" 883
"../../../Engine/Content/EngineSky/T_Sky_Blue.uasset" 884
"../../../Engine/Content/EngineSky/T_Sky_Blue.uexp" 885
"../../../Engine/Content/EngineSky/M_Sky_Panning_Clouds2.uasset" 886
"../../../Engine/Content/EngineSky/M_Sky_Panning_Clouds2.uexp" 887
"../../../Engine/Content/EngineSky/SM_SkySphere.uasset" 888
"../../../Engine/Content/EngineSky/SM_SkySphere.uexp" 889
"C:/Users/strza/Desktop/shades data/project files/game/Content/grafika/Sci-Fi_Space_Station/TrimRoof.uasset" 890
"C:/Users/strza/Desktop/shades data/project files/game/Content/grafika/Sci-Fi_Space_Station/TrimRoof.uexp" 891
"C:/Users/strza/Desktop/shades data/project files/game/Content/grafika/Sci-Fi_Space_Station/Space_ncl1_1.uasset" 892
"C:/Users/strza/Desktop/shades data/project files/game/Content/grafika/Sci-Fi_Space_Station/Space_ncl1_1.uexp" 893
"C:/Users/strza/Desktop/shades data/project files/game/Content/grafika/Sci-Fi_Space_Station/Space.uasset" 894
"C:/Users/strza/Desktop/shades data/project files/game/Content/grafika/Sci-Fi_Space_Station/Space.uexp" 895
"C:/Users/strza/Desktop/shades data/project files/game/Content/grafika/Sci-Fi_Space_Station/Backdrop.uasset" 896
"C:/Users/strza/Desktop/shades data/project files/game/Content/grafika/Sci-Fi_Space_Station/Backdrop.uexp" 897
"C:/Users/strza/Desktop/shades data/project files/game/Content/grafika/Sci-Fi_Space_Station/SidesLighting.uasset" 898
"C:/Users/strza/Desktop/shades data/project files/game/Content/grafika/Sci-Fi_Space_Station/SidesLighting.uexp" 899
"C:/Users/strza/Desktop/shades data/project files/game/Content/grafika/Sci-Fi_Space_Station/Door_ncl1_1.uasset" 900
"C:/Users/strza/Desktop/shades data/project files/game/Content/grafika/Sci-Fi_Space_Station/Door_ncl1_1.uexp" 901
"C:/Users/strza/Desktop/shades data/project files/game/Content/grafika/Sci-Fi_Space_Station/Door.uasset" 902
"C:/Users/strza/Desktop/shades data/project files/game/Content/grafika/Sci-Fi_Space_Station/Door.uexp" 903
"C:/Users/strza/Desktop/shades data/project files/game/Content/grafika/Sci-Fi_Space_Station/Window.uasset" 904
"C:/Users/strza/Desktop/shades data/project files/game/Content/grafika/Sci-Fi_Space_Station/Window.uexp" 905
"C:/Users/strza/Desktop/shades data/project files/game/Content/grafika/Sci-Fi_Space_Station/Floor_ncl1_1.uasset" 906
"C:/Users/strza/Desktop/shades data/project files/game/Content/grafika/Sci-Fi_Space_Station/Floor_ncl1_1.uexp" 907
"C:/Users/strza/Desktop/shades data/project files/game/Content/grafika/Sci-Fi_Space_Station/Floor.uasset" 908
"C:/Users/strza/Desktop/shades data/project files/game/Content/grafika/Sci-Fi_Space_Station/Floor.uexp" 909
"C:/Users/strza/Desktop/shades data/project files/game/Content/grafika/Sci-Fi_Space_Station/Screens_ncl1_1.uasset" 910
"C:/Users/strza/Desktop/shades data/project files/game/Content/grafika/Sci-Fi_Space_Station/Screens_ncl1_1.uexp" 911
"C:/Users/strza/Desktop/shades data/project files/game/Content/grafika/Sci-Fi_Space_Station/Screens_ncl1_2.uasset" 912
"C:/Users/strza/Desktop/shades data/project files/game/Content/grafika/Sci-Fi_Space_Station/Screens_ncl1_2.uexp" 913
"C:/Users/strza/Desktop/shades data/project files/game/Content/grafika/Sci-Fi_Space_Station/Screens.uasset" 914
"C:/Users/strza/Desktop/shades data/project files/game/Content/grafika/Sci-Fi_Space_Station/Screens.uexp" 915
"C:/Users/strza/Desktop/shades data/project files/game/Content/grafika/Sci-Fi_Space_Station/RoofBackdrop.uasset" 916
"C:/Users/strza/Desktop/shades data/project files/game/Content/grafika/Sci-Fi_Space_Station/RoofBackdrop.uexp" 917
"C:/Users/strza/Desktop/shades data/project files/game/Content/grafika/Sci-Fi_Space_Station/Seat.uasset" 918
"C:/Users/strza/Desktop/shades data/project files/game/Content/grafika/Sci-Fi_Space_Station/Seat.uexp" 919
"C:/Users/strza/Desktop/shades data/project files/game/Content/grafika/Sci-Fi_Space_Station/Walls_ncl1_1.uasset" 920
"C:/Users/strza/Desktop/shades data/project files/game/Content/grafika/Sci-Fi_Space_Station/Walls_ncl1_1.uexp" 921
"C:/Users/strza/Desktop/shades data/project files/game/Content/grafika/Sci-Fi_Space_Station/Walls.uasset" 922
"C:/Users/strza/Desktop/shades data/project files/game/Content/grafika/Sci-Fi_Space_Station/Walls.uexp" 923
"C:/Users/strza/Desktop/shades data/project files/game/Content/grafika/Sci-Fi_Space_Station/FloorMiddle.uasset" 924
"C:/Users/strza/Desktop/shades data/project files/game/Content/grafika/Sci-Fi_Space_Station/FloorMiddle.uexp" 925
"C:/Users/strza/Desktop/shades data/project files/game/Content/grafika/Sci-Fi_Space_Station/Chair.uasset" 926
"C:/Users/strza/Desktop/shades data/project files/game/Content/grafika/Sci-Fi_Space_Station/Chair.uexp" 927
"C:/Users/strza/Desktop/shades data/project files/game/Content/grafika/Sci-Fi_Space_Station/ScreensOutside.uasset" 928
"C:/Users/strza/Desktop/shades data/project files/game/Content/grafika/Sci-Fi_Space_Station/ScreensOutside.uexp" 929
"C:/Users/strza/Desktop/shades data/project files/game/Content/grafika/Sci-Fi_Space_Station/Sci-Fi_Space_Station.uasset" 930
"C:/Users/strza/Desktop/shades data/project files/game/Content/grafika/Sci-Fi_Space_Station/Sci-Fi_Space_Station.uexp" 931
"../../../Engine/Content/EngineSky/M_SimpleSkyDome.uasset" 932
"../../../Engine/Content/EngineSky/M_SimpleSkyDome.uexp" 933
"../../../Engine/Content/BasicShapes/Cube.uasset" 934
"../../../Engine/Content/BasicShapes/Cube.uexp" 935
"C:/Users/strza/Desktop/shades data/project files/game/Content/grafika/Sci-Fi_Space_Station/skymovement.uasset" 936
"C:/Users/strza/Desktop/shades data/project files/game/Content/grafika/Sci-Fi_Space_Station/skymovement.uexp" 937
"C:/Users/strza/Desktop/shades data/project files/game/Content/LobbyMap.uexp" 938
"C:/Users/strza/Desktop/shades data/project files/game/Content/LobbyMap.umap" 939
